2024-01-21 00:07:15 ["gmncng4huhbr4"] Context NOTICE: --------- Starting SPARQL micro-service --------
2024-01-21 00:07:15 ["gmncng4huhbr4"] service NOTICE: Query parameter (html special chars encoded) 'service': tomtom/findPlace
2024-01-21 00:07:15 ["gmncng4huhbr4"] service NOTICE: Query parameter (html special chars encoded) 'querymode': sparql
2024-01-21 00:07:15 ["gmncng4huhbr4"] Utils NOTICE: Query HTTP header "Content-Type" undefined.
2024-01-21 00:07:15 ["gmncng4huhbr4"] Utils NOTICE: Query HTTP header "Accept": text/turtle
2024-01-21 00:07:15 ["gmncng4huhbr4"] service NOTICE: Client SPARQL query (html special chars encoded):
construct WHERE { ?s ?p ?o } 
2024-01-21 00:07:15 ["gmncng4huhbr4"] service NOTICE: Will query the Web API with arguments: Array
(
    [categorySet] => 9377
    [limit] => 15
)

2024-01-21 00:07:15 ["gmncng4huhbr4"] service NOTICE: Web API query string: https://api.tomtom.com/search/2/categorySearch/.json?key=wIthmoUf6toN66cs7cEfSiuS52fAtAbI&lat=43.7101728&lon=7.261953200000001&limit=15&categorySet=9377
2024-01-21 00:07:16 ["gmncng4huhbr4"] service NOTICE: Executing SPARQL CONSTRUCT query from file: /services/tomtom/findPlace/construct.sparql
2024-01-21 00:07:16 ["gmncng4huhbr4"] service NOTICE: Evaluating client SPARQL query against temporary graph...
2024-01-21 00:07:16 ["gmncng4huhbr4"] service NOTICE: Sending response with Content-Type: text/turtle
2024-01-21 00:07:16 ["gmncng4huhbr4"] service NOTICE: --------- Done - SPARQL µS execution --------
2024-01-21 00:11:31 ["o6d7okt5mm6k8"] Context NOTICE: --------- Starting SPARQL micro-service --------
2024-01-21 00:11:31 ["o6d7okt5mm6k8"] service NOTICE: Query parameter (html special chars encoded) 'service': tomtom/findPlace
2024-01-21 00:11:31 ["o6d7okt5mm6k8"] service NOTICE: Query parameter (html special chars encoded) 'querymode': sparql
2024-01-21 00:11:31 ["o6d7okt5mm6k8"] Utils NOTICE: Query HTTP header "Content-Type" undefined.
2024-01-21 00:11:31 ["o6d7okt5mm6k8"] Utils NOTICE: Query HTTP header "Accept": text/turtle
2024-01-21 00:11:31 ["o6d7okt5mm6k8"] service NOTICE: Client SPARQL query (html special chars encoded):
construct WHERE { ?s ?p ?o } 
2024-01-21 00:11:31 ["o6d7okt5mm6k8"] service NOTICE: Will query the Web API with arguments: Array
(
    [categorySet] => 9377
    [limit] => 15
)

2024-01-21 00:11:31 ["o6d7okt5mm6k8"] service NOTICE: Web API query string: https://api.tomtom.com/search/2/categorySearch/.json?key=wIthmoUf6toN66cs7cEfSiuS52fAtAbI&lat=43.7101728&lon=7.261953200000001&limit=15&categorySet=9377
2024-01-21 00:11:31 ["o6d7okt5mm6k8"] service NOTICE: Executing SPARQL CONSTRUCT query from file: /services/tomtom/findPlace/construct.sparql
2024-01-21 00:11:31 ["o6d7okt5mm6k8"] service NOTICE: Evaluating client SPARQL query against temporary graph...
2024-01-21 00:11:31 ["o6d7okt5mm6k8"] service NOTICE: Sending response with Content-Type: text/turtle
2024-01-21 00:11:31 ["o6d7okt5mm6k8"] service NOTICE: --------- Done - SPARQL µS execution --------
2024-01-21 00:11:43 ["van403n7t2sjk"] Context NOTICE: --------- Starting SPARQL micro-service --------
2024-01-21 00:11:43 ["van403n7t2sjk"] service NOTICE: Query parameter (html special chars encoded) 'service': tomtom/findPlace
2024-01-21 00:11:43 ["van403n7t2sjk"] service NOTICE: Query parameter (html special chars encoded) 'querymode': sparql
2024-01-21 00:11:43 ["van403n7t2sjk"] Utils NOTICE: Query HTTP header "Content-Type" undefined.
2024-01-21 00:11:43 ["van403n7t2sjk"] Utils NOTICE: Query HTTP header "Accept": text/turtle
2024-01-21 00:11:43 ["van403n7t2sjk"] service NOTICE: Client SPARQL query (html special chars encoded):
construct WHERE { ?s ?p ?o } 
2024-01-21 00:11:43 ["van403n7t2sjk"] service NOTICE: Will query the Web API with arguments: Array
(
    [categorySet] => 9377
    [limit] => 15
)

2024-01-21 00:11:43 ["van403n7t2sjk"] service NOTICE: Web API query string: https://api.tomtom.com/search/2/categorySearch/.json?key=wIthmoUf6toN66cs7cEfSiuS52fAtAbI&lat=43.7101728&lon=7.261953200000001&limit=15&categorySet=9377
2024-01-21 00:11:43 ["van403n7t2sjk"] service NOTICE: Executing SPARQL CONSTRUCT query from file: /services/tomtom/findPlace/construct.sparql
2024-01-21 00:11:43 ["van403n7t2sjk"] service NOTICE: Evaluating client SPARQL query against temporary graph...
2024-01-21 00:11:43 ["van403n7t2sjk"] service NOTICE: Sending response with Content-Type: text/turtle
2024-01-21 00:11:43 ["van403n7t2sjk"] service NOTICE: --------- Done - SPARQL µS execution --------
2024-01-21 00:36:50 ["6qgn76irf4q6o"] Context NOTICE: --------- Starting SPARQL micro-service --------
2024-01-21 00:36:50 ["6qgn76irf4q6o"] service NOTICE: Query parameter (html special chars encoded) 'service': tomtom/findPlace
2024-01-21 00:36:50 ["6qgn76irf4q6o"] service NOTICE: Query parameter (html special chars encoded) 'querymode': sparql
2024-01-21 00:36:50 ["6qgn76irf4q6o"] Utils NOTICE: Query HTTP header "Content-Type" undefined.
2024-01-21 00:36:50 ["6qgn76irf4q6o"] Utils NOTICE: Query HTTP header "Accept": text/turtle
2024-01-21 00:36:50 ["6qgn76irf4q6o"] service NOTICE: Client SPARQL query (html special chars encoded):
construct7.26839120WHERE7.26839120B7.26839120Fs7.26839120Fp7.26839120Fo7.26839120D7.26839120
2024-01-21 00:36:50 ["6qgn76irf4q6o"] service NOTICE: Will query the Web API with arguments: Array
(
    [categorySet] => 9377
    [limit] => 15
    [lat] => 43.7009358
    [lon] => 7.2683912
)

2024-01-21 00:36:50 ["6qgn76irf4q6o"] service NOTICE: Web API query string: https://api.tomtom.com/search/2/categorySearch/.json?key=wIthmoUf6toN66cs7cEfSiuS52fAtAbI&lat=43%2E7009358&lon=7%2E2683912&limit=15&categorySet=9377
2024-01-21 00:36:50 ["6qgn76irf4q6o"] service NOTICE: Executing SPARQL CONSTRUCT query from file: /services/tomtom/findPlace/construct.sparql
2024-01-21 00:36:50 ["6qgn76irf4q6o"] service NOTICE: Evaluating client SPARQL query against temporary graph...
2024-01-21 00:36:51 ["6qgn76irf4q6o"] service ERROR: EasyRdf\Http\Exception: HTTP request for SPARQL query failed in /var/www/html/sparql-ms/src/common/SparqlClient.php:95
Stack trace:
#0 /var/www/html/sparql-ms/src/sparqlms/service.php(177): frmichel\sparqlms\common\SparqlClient->queryRaw()
#1 {main}

2024-01-21 00:36:51 ["6qgn76irf4q6o"] service NOTICE: Returning HTTP status 500.

2024-01-21 00:36:51 ["6qgn76irf4q6o"] service NOTICE: --------- Done - SPARQL µS execution --------
2024-01-21 00:38:37 ["29rtl9idc0773"] Context NOTICE: --------- Starting SPARQL micro-service --------
2024-01-21 00:38:37 ["29rtl9idc0773"] service NOTICE: Query parameter (html special chars encoded) 'service': tomtom/findPlace
2024-01-21 00:38:37 ["29rtl9idc0773"] service NOTICE: Query parameter (html special chars encoded) 'querymode': sparql
2024-01-21 00:38:37 ["29rtl9idc0773"] Utils NOTICE: Query HTTP header "Content-Type" undefined.
2024-01-21 00:38:37 ["29rtl9idc0773"] Utils NOTICE: Query HTTP header "Accept": text/turtle
2024-01-21 00:38:37 ["29rtl9idc0773"] service NOTICE: Client SPARQL query (html special chars encoded):
construct7.26839120WHERE7.26839120B7.26839120Fs7.26839120Fp7.26839120Fo7.26839120D7.26839120
2024-01-21 00:38:37 ["29rtl9idc0773"] service NOTICE: Will query the Web API with arguments: Array
(
    [categorySet] => 9377
    [limit] => 15
    [lat] => 43.7009358
    [lon] => 7.2683912
)

2024-01-21 00:38:37 ["29rtl9idc0773"] service NOTICE: Web API query string: https://api.tomtom.com/search/2/categorySearch/.json?key=wIthmoUf6toN66cs7cEfSiuS52fAtAbI&lat=43%2E7009358&lon=7%2E2683912&limit=15&categorySet=9377
2024-01-21 00:38:37 ["29rtl9idc0773"] service NOTICE: Executing SPARQL CONSTRUCT query from file: /services/tomtom/findPlace/construct.sparql
2024-01-21 00:38:37 ["29rtl9idc0773"] service NOTICE: Evaluating client SPARQL query against temporary graph...
2024-01-21 00:38:37 ["29rtl9idc0773"] service ERROR: EasyRdf\Http\Exception: HTTP request for SPARQL query failed in /var/www/html/sparql-ms/src/common/SparqlClient.php:95
Stack trace:
#0 /var/www/html/sparql-ms/src/sparqlms/service.php(177): frmichel\sparqlms\common\SparqlClient->queryRaw()
#1 {main}

2024-01-21 00:38:37 ["29rtl9idc0773"] service NOTICE: Returning HTTP status 500.

2024-01-21 00:38:37 ["29rtl9idc0773"] service NOTICE: --------- Done - SPARQL µS execution --------
2024-01-21 00:39:03 ["aqing7s90ps66"] Context NOTICE: --------- Starting SPARQL micro-service --------
2024-01-21 00:39:03 ["aqing7s90ps66"] service NOTICE: Query parameter (html special chars encoded) 'service': tomtom/findPlace
2024-01-21 00:39:03 ["aqing7s90ps66"] service NOTICE: Query parameter (html special chars encoded) 'querymode': sparql
2024-01-21 00:39:03 ["aqing7s90ps66"] Utils NOTICE: Query HTTP header "Content-Type" undefined.
2024-01-21 00:39:03 ["aqing7s90ps66"] Utils NOTICE: Query HTTP header "Accept": text/turtle
2024-01-21 00:39:03 ["aqing7s90ps66"] service NOTICE: Client SPARQL query (html special chars encoded):
construct5.36995250WHERE5.36995250B5.36995250Fs5.36995250Fp5.36995250Fo5.36995250D5.36995250
2024-01-21 00:39:03 ["aqing7s90ps66"] service NOTICE: Will query the Web API with arguments: Array
(
    [categorySet] => 9377
    [limit] => 15
    [lat] => 43.2961743
    [lon] => 5.3699525
)

2024-01-21 00:39:03 ["aqing7s90ps66"] service NOTICE: Web API query string: https://api.tomtom.com/search/2/categorySearch/.json?key=wIthmoUf6toN66cs7cEfSiuS52fAtAbI&lat=43%2E2961743&lon=5%2E3699525&limit=15&categorySet=9377
2024-01-21 00:39:03 ["aqing7s90ps66"] service NOTICE: Executing SPARQL CONSTRUCT query from file: /services/tomtom/findPlace/construct.sparql
2024-01-21 00:39:03 ["aqing7s90ps66"] service NOTICE: Evaluating client SPARQL query against temporary graph...
2024-01-21 00:39:04 ["aqing7s90ps66"] service ERROR: EasyRdf\Http\Exception: HTTP request for SPARQL query failed in /var/www/html/sparql-ms/src/common/SparqlClient.php:95
Stack trace:
#0 /var/www/html/sparql-ms/src/sparqlms/service.php(177): frmichel\sparqlms\common\SparqlClient->queryRaw()
#1 {main}

2024-01-21 00:39:04 ["aqing7s90ps66"] service NOTICE: Returning HTTP status 500.

2024-01-21 00:39:04 ["aqing7s90ps66"] service NOTICE: --------- Done - SPARQL µS execution --------
2024-01-21 00:57:40 ["auu33h2cpdqd1"] Context NOTICE: --------- Starting SPARQL micro-service --------
2024-01-21 00:57:40 ["auu33h2cpdqd1"] service NOTICE: Query parameter (html special chars encoded) 'service': tomtom/findPlace
2024-01-21 00:57:40 ["auu33h2cpdqd1"] service NOTICE: Query parameter (html special chars encoded) 'querymode': sparql
2024-01-21 00:57:40 ["auu33h2cpdqd1"] Utils NOTICE: Query HTTP header "Content-Type" undefined.
2024-01-21 00:57:40 ["auu33h2cpdqd1"] Utils NOTICE: Query HTTP header "Accept": text/turtle
2024-01-21 00:57:40 ["auu33h2cpdqd1"] service NOTICE: Client SPARQL query (html special chars encoded):
construct5.36995250WHERE5.36995250B5.36995250Fs5.36995250Fp5.36995250Fo5.36995250D5.36995250
2024-01-21 00:57:40 ["auu33h2cpdqd1"] service NOTICE: Will query the Web API with arguments: Array
(
    [categorySet] => 9377
    [limit] => 15
    [lat] => 43.2961743
    [lon] => 5.3699525
)

2024-01-21 00:57:40 ["auu33h2cpdqd1"] service NOTICE: Web API query string: https://api.tomtom.com/search/2/categorySearch/.json?key=wIthmoUf6toN66cs7cEfSiuS52fAtAbI&lat=43%2E2961743&lon=5%2E3699525&limit=15&categorySet=9377
2024-01-21 00:57:40 ["auu33h2cpdqd1"] service NOTICE: Executing SPARQL CONSTRUCT query from file: /services/tomtom/findPlace/construct.sparql
2024-01-21 00:57:41 ["auu33h2cpdqd1"] service NOTICE: Evaluating client SPARQL query against temporary graph...
2024-01-21 00:57:41 ["auu33h2cpdqd1"] service ERROR: EasyRdf\Http\Exception: HTTP request for SPARQL query failed in /var/www/html/sparql-ms/src/common/SparqlClient.php:95
Stack trace:
#0 /var/www/html/sparql-ms/src/sparqlms/service.php(177): frmichel\sparqlms\common\SparqlClient->queryRaw()
#1 {main}

2024-01-21 00:57:41 ["auu33h2cpdqd1"] service NOTICE: Returning HTTP status 500.

2024-01-21 00:57:41 ["auu33h2cpdqd1"] service NOTICE: --------- Done - SPARQL µS execution --------
2024-01-21 01:02:30 ["iptb5k2ato54i"] Context NOTICE: --------- Starting SPARQL micro-service --------
2024-01-21 01:02:30 ["iptb5k2ato54i"] service NOTICE: Query parameter (html special chars encoded) 'service': tomtom/findPlace
2024-01-21 01:02:30 ["iptb5k2ato54i"] service NOTICE: Query parameter (html special chars encoded) 'querymode': sparql
2024-01-21 01:02:30 ["iptb5k2ato54i"] Utils NOTICE: Query HTTP header "Content-Type" undefined.
2024-01-21 01:02:30 ["iptb5k2ato54i"] Utils NOTICE: Query HTTP header "Accept": text/turtle
2024-01-21 01:02:30 ["iptb5k2ato54i"] service NOTICE: Client SPARQL query (html special chars encoded):
construct0WHERE0B0Fs0Fp0Fo0D0
2024-01-21 01:02:30 ["iptb5k2ato54i"] service NOTICE: Will query the Web API with arguments: Array
(
    [categorySet] => 9377
    [limit] => 15
    [lat] => 43.7101728
    [lon] => 7.261953200000001
)

2024-01-21 01:02:30 ["iptb5k2ato54i"] service NOTICE: Web API query string: https://api.tomtom.com/search/2/categorySearch/.json?key=wIthmoUf6toN66cs7cEfSiuS52fAtAbI&lat=43%2E7101728&lon=7%2E261953200000001&limit=15&categorySet=9377
2024-01-21 01:02:31 ["iptb5k2ato54i"] service NOTICE: Executing SPARQL CONSTRUCT query from file: /services/tomtom/findPlace/construct.sparql
2024-01-21 01:02:31 ["iptb5k2ato54i"] service NOTICE: Evaluating client SPARQL query against temporary graph...
2024-01-21 01:02:31 ["iptb5k2ato54i"] service ERROR: EasyRdf\Http\Exception: HTTP request for SPARQL query failed in /var/www/html/sparql-ms/src/common/SparqlClient.php:95
Stack trace:
#0 /var/www/html/sparql-ms/src/sparqlms/service.php(177): frmichel\sparqlms\common\SparqlClient->queryRaw()
#1 {main}

2024-01-21 01:02:31 ["iptb5k2ato54i"] service NOTICE: Returning HTTP status 500.

2024-01-21 01:02:31 ["iptb5k2ato54i"] service NOTICE: --------- Done - SPARQL µS execution --------
2024-01-21 01:04:19 ["ep4gu9q0t3vo1"] Context NOTICE: --------- Starting SPARQL micro-service --------
2024-01-21 01:04:19 ["ep4gu9q0t3vo1"] service NOTICE: Query parameter (html special chars encoded) 'service': tomtom/findPlace
2024-01-21 01:04:19 ["ep4gu9q0t3vo1"] service NOTICE: Query parameter (html special chars encoded) 'querymode': sparql
2024-01-21 01:04:19 ["ep4gu9q0t3vo1"] Utils NOTICE: Query HTTP header "Content-Type" undefined.
2024-01-21 01:04:19 ["ep4gu9q0t3vo1"] Utils NOTICE: Query HTTP header "Accept": text/turtle
2024-01-21 01:04:19 ["ep4gu9q0t3vo1"] service NOTICE: Client SPARQL query (html special chars encoded):
construct0WHERE0B0Fs0Fp0Fo0D0
2024-01-21 01:04:19 ["ep4gu9q0t3vo1"] service NOTICE: Will query the Web API with arguments: Array
(
    [lat] => 43.7101728
    [lon] => 7.261953200000001
)

2024-01-21 01:04:19 ["ep4gu9q0t3vo1"] service NOTICE: Web API query string: https://api.tomtom.com/search/2/categorySearch/.json?key=wIthmoUf6toN66cs7cEfSiuS52fAtAbI&lat=43%2E7101728&lon=7%2E261953200000001&limit=15&categorySet=9377
2024-01-21 01:04:20 ["ep4gu9q0t3vo1"] service NOTICE: Executing SPARQL CONSTRUCT query from file: /services/tomtom/findPlace/construct.sparql
2024-01-21 01:04:20 ["ep4gu9q0t3vo1"] service NOTICE: Evaluating client SPARQL query against temporary graph...
2024-01-21 01:04:20 ["ep4gu9q0t3vo1"] service ERROR: EasyRdf\Http\Exception: HTTP request for SPARQL query failed in /var/www/html/sparql-ms/src/common/SparqlClient.php:95
Stack trace:
#0 /var/www/html/sparql-ms/src/sparqlms/service.php(177): frmichel\sparqlms\common\SparqlClient->queryRaw()
#1 {main}

2024-01-21 01:04:20 ["ep4gu9q0t3vo1"] service NOTICE: Returning HTTP status 500.

2024-01-21 01:04:20 ["ep4gu9q0t3vo1"] service NOTICE: --------- Done - SPARQL µS execution --------
2024-01-21 01:06:01 ["p1rh2l1v2924a"] Context NOTICE: --------- Starting SPARQL micro-service --------
2024-01-21 01:06:01 ["p1rh2l1v2924a"] service NOTICE: Query parameter (html special chars encoded) 'service': tomtom/findPlace
2024-01-21 01:06:01 ["p1rh2l1v2924a"] service NOTICE: Query parameter (html special chars encoded) 'querymode': sparql
2024-01-21 01:06:01 ["p1rh2l1v2924a"] Utils NOTICE: Query HTTP header "Content-Type" undefined.
2024-01-21 01:06:01 ["p1rh2l1v2924a"] Utils NOTICE: Query HTTP header "Accept": */*
2024-01-21 01:06:01 ["p1rh2l1v2924a"] Utils WARNING: Unsupported HTTP method OPTIONS
2024-01-21 01:06:01 ["p1rh2l1v2924a"] Utils NOTICE: --------- Done - SPARQL µS execution --------
2024-01-21 01:06:01 ["11ea1peftp1oa"] Context NOTICE: --------- Starting SPARQL micro-service --------
2024-01-21 01:06:01 ["11ea1peftp1oa"] service NOTICE: Query parameter (html special chars encoded) 'service': tomtom/findPlace
2024-01-21 01:06:01 ["11ea1peftp1oa"] service NOTICE: Query parameter (html special chars encoded) 'querymode': sparql
2024-01-21 01:06:01 ["11ea1peftp1oa"] Utils NOTICE: Query HTTP header "Content-Type" undefined.
2024-01-21 01:06:01 ["11ea1peftp1oa"] Utils NOTICE: Query HTTP header "Accept": */*
2024-01-21 01:06:01 ["11ea1peftp1oa"] service NOTICE: Client SPARQL query (html special chars encoded):
ASK {?x ?y ?z}
2024-01-21 01:06:01 ["11ea1peftp1oa"] service NOTICE: Will query the Web API with arguments: Array
(
    [lat] => 43.7101728
    [lon] => 7.261953200000001
)

2024-01-21 01:06:01 ["11ea1peftp1oa"] service NOTICE: Web API query string: https://api.tomtom.com/search/2/categorySearch/.json?key=wIthmoUf6toN66cs7cEfSiuS52fAtAbI&lat=43%2E7101728&lon=7%2E261953200000001&limit=15&categorySet=9377
2024-01-21 01:06:02 ["11ea1peftp1oa"] service NOTICE: Executing SPARQL CONSTRUCT query from file: /services/tomtom/findPlace/construct.sparql
2024-01-21 01:06:02 ["11ea1peftp1oa"] service NOTICE: Evaluating client SPARQL query against temporary graph...
2024-01-21 01:06:02 ["11ea1peftp1oa"] service NOTICE: Sending response with Content-Type: application/sparql-results+xml
2024-01-21 01:06:02 ["11ea1peftp1oa"] service NOTICE: --------- Done - SPARQL µS execution --------
2024-01-21 01:06:03 ["95o7q55pooc5a"] Context NOTICE: --------- Starting SPARQL micro-service --------
2024-01-21 01:06:03 ["95o7q55pooc5a"] service NOTICE: Query parameter (html special chars encoded) 'service': tomtom/findPlace
2024-01-21 01:06:03 ["95o7q55pooc5a"] service NOTICE: Query parameter (html special chars encoded) 'querymode': sparql
2024-01-21 01:06:03 ["95o7q55pooc5a"] Utils NOTICE: Query HTTP header "Content-Type" undefined.
2024-01-21 01:06:03 ["95o7q55pooc5a"] Utils NOTICE: Query HTTP header "Accept": */*
2024-01-21 01:06:03 ["95o7q55pooc5a"] Utils WARNING: Unsupported HTTP method OPTIONS
2024-01-21 01:06:03 ["95o7q55pooc5a"] Utils NOTICE: --------- Done - SPARQL µS execution --------
2024-01-21 01:06:03 ["opmd5apvq7ujc"] Context NOTICE: --------- Starting SPARQL micro-service --------
2024-01-21 01:06:03 ["opmd5apvq7ujc"] service NOTICE: Query parameter (html special chars encoded) 'service': tomtom/findPlace
2024-01-21 01:06:03 ["opmd5apvq7ujc"] service NOTICE: Query parameter (html special chars encoded) 'querymode': sparql
2024-01-21 01:06:03 ["opmd5apvq7ujc"] Utils NOTICE: Query HTTP header "Content-Type": application/x-www-form-urlencoded
2024-01-21 01:06:03 ["opmd5apvq7ujc"] Utils NOTICE: Query HTTP header "Accept": application/sparql-results+json,*/*;q=0.9
2024-01-21 01:06:03 ["opmd5apvq7ujc"] service NOTICE: Client SPARQL query (html special chars encoded):
PREFIX rdf: &lt;http://www.w3.org/1999/02/22-rdf-syntax-ns#&gt;
PREFIX rdfs: &lt;http://www.w3.org/2000/01/rdf-schema#&gt;
SELECT * WHERE {
  ?sub ?pred ?obj .
}

2024-01-21 01:06:04 ["opmd5apvq7ujc"] service NOTICE: Will query the Web API with arguments: Array
(
    [lat] => 43.7101728
    [lon] => 7.261953200000001
)

2024-01-21 01:06:04 ["opmd5apvq7ujc"] service NOTICE: Web API query string: https://api.tomtom.com/search/2/categorySearch/.json?key=wIthmoUf6toN66cs7cEfSiuS52fAtAbI&lat=43%2E7101728&lon=7%2E261953200000001&limit=15&categorySet=9377
2024-01-21 01:06:04 ["opmd5apvq7ujc"] service NOTICE: Executing SPARQL CONSTRUCT query from file: /services/tomtom/findPlace/construct.sparql
2024-01-21 01:06:04 ["opmd5apvq7ujc"] service NOTICE: Evaluating client SPARQL query against temporary graph...
2024-01-21 01:06:04 ["opmd5apvq7ujc"] service NOTICE: Sending response with Content-Type: application/sparql-results+json
2024-01-21 01:06:04 ["opmd5apvq7ujc"] service NOTICE: --------- Done - SPARQL µS execution --------
2024-01-21 01:07:03 ["dnq8crv1916lm"] Context NOTICE: --------- Starting SPARQL micro-service --------
2024-01-21 01:07:04 ["dnq8crv1916lm"] service NOTICE: Query parameter (html special chars encoded) 'service': tomtom/findPlace
2024-01-21 01:07:04 ["dnq8crv1916lm"] service NOTICE: Query parameter (html special chars encoded) 'querymode': sparql
2024-01-21 01:07:04 ["dnq8crv1916lm"] Utils NOTICE: Query HTTP header "Content-Type" undefined.
2024-01-21 01:07:04 ["dnq8crv1916lm"] Utils NOTICE: Query HTTP header "Accept": text/turtle
2024-01-21 01:07:04 ["dnq8crv1916lm"] service NOTICE: Client SPARQL query (html special chars encoded):
construct0WHERE0B0Fs0Fp0Fo0D0
2024-01-21 01:07:04 ["dnq8crv1916lm"] service NOTICE: Will query the Web API with arguments: Array
(
    [lat] => 43.7101728
    [lon] => 7.261953200000001
)

2024-01-21 01:07:04 ["dnq8crv1916lm"] service NOTICE: Web API query string: https://api.tomtom.com/search/2/categorySearch/.json?key=wIthmoUf6toN66cs7cEfSiuS52fAtAbI&lat=43%2E7101728&lon=7%2E261953200000001&limit=15&categorySet=9377
2024-01-21 01:07:04 ["dnq8crv1916lm"] service NOTICE: Executing SPARQL CONSTRUCT query from file: /services/tomtom/findPlace/construct.sparql
2024-01-21 01:07:04 ["dnq8crv1916lm"] service NOTICE: Evaluating client SPARQL query against temporary graph...
2024-01-21 01:07:04 ["dnq8crv1916lm"] service ERROR: EasyRdf\Http\Exception: HTTP request for SPARQL query failed in /var/www/html/sparql-ms/src/common/SparqlClient.php:95
Stack trace:
#0 /var/www/html/sparql-ms/src/sparqlms/service.php(177): frmichel\sparqlms\common\SparqlClient->queryRaw()
#1 {main}

2024-01-21 01:07:04 ["dnq8crv1916lm"] service NOTICE: Returning HTTP status 500.

2024-01-21 01:07:04 ["dnq8crv1916lm"] service NOTICE: --------- Done - SPARQL µS execution --------
2024-01-21 01:09:51 ["eomv6ppgmn78d"] Context NOTICE: --------- Starting SPARQL micro-service --------
2024-01-21 01:09:51 ["eomv6ppgmn78d"] service NOTICE: Query parameter (html special chars encoded) 'service': tomtom/findPlace
2024-01-21 01:09:51 ["eomv6ppgmn78d"] service NOTICE: Query parameter (html special chars encoded) 'querymode': sparql
2024-01-21 01:09:51 ["eomv6ppgmn78d"] Utils NOTICE: Query HTTP header "Content-Type" undefined.
2024-01-21 01:09:51 ["eomv6ppgmn78d"] Utils NOTICE: Query HTTP header "Accept": text/turtle
2024-01-21 01:09:51 ["eomv6ppgmn78d"] service NOTICE: Client SPARQL query (html special chars encoded):
construct0WHERE0B0Fs0Fp0Fo0D0
2024-01-21 01:09:51 ["eomv6ppgmn78d"] service NOTICE: Will query the Web API with arguments: Array
(
    [lat] => 43.7101728
    [lon] => 7.261953200000001
)

2024-01-21 01:09:51 ["eomv6ppgmn78d"] service NOTICE: Web API query string: https://api.tomtom.com/search/2/categorySearch/.json?key=wIthmoUf6toN66cs7cEfSiuS52fAtAbI&lat=43%2E7101728&lon=7%2E261953200000001&limit=15&categorySet=9377
2024-01-21 01:09:51 ["eomv6ppgmn78d"] service NOTICE: Executing SPARQL CONSTRUCT query from file: /services/tomtom/findPlace/construct.sparql
2024-01-21 01:09:51 ["eomv6ppgmn78d"] service NOTICE: Evaluating client SPARQL query against temporary graph...
2024-01-21 01:09:51 ["eomv6ppgmn78d"] service ERROR: EasyRdf\Http\Exception: HTTP request for SPARQL query failed in /var/www/html/sparql-ms/src/common/SparqlClient.php:95
Stack trace:
#0 /var/www/html/sparql-ms/src/sparqlms/service.php(177): frmichel\sparqlms\common\SparqlClient->queryRaw()
#1 {main}

2024-01-21 01:09:51 ["eomv6ppgmn78d"] service NOTICE: Returning HTTP status 500.

2024-01-21 01:09:51 ["eomv6ppgmn78d"] service NOTICE: --------- Done - SPARQL µS execution --------
2024-01-21 01:11:16 ["jm2urj5l3tnho"] Context NOTICE: --------- Starting SPARQL micro-service --------
2024-01-21 01:11:16 ["jm2urj5l3tnho"] service NOTICE: Query parameter (html special chars encoded) 'service': tomtom/findPlace
2024-01-21 01:11:16 ["jm2urj5l3tnho"] service NOTICE: Query parameter (html special chars encoded) 'querymode': sparql
2024-01-21 01:11:16 ["jm2urj5l3tnho"] Utils NOTICE: Query HTTP header "Content-Type" undefined.
2024-01-21 01:11:16 ["jm2urj5l3tnho"] Utils NOTICE: Query HTTP header "Accept": text/turtle
2024-01-21 01:11:16 ["jm2urj5l3tnho"] Utils WARNING: SPARQL query with HTTP GET method but no 'query' argument.
2024-01-21 01:11:16 ["jm2urj5l3tnho"] Utils NOTICE: --------- Done - SPARQL µS execution --------
2024-01-21 01:12:08 ["r3forrmjbd3p8"] Context NOTICE: --------- Starting SPARQL micro-service --------
2024-01-21 01:12:08 ["r3forrmjbd3p8"] service NOTICE: Query parameter (html special chars encoded) 'service': tomtom/findPlace
2024-01-21 01:12:08 ["r3forrmjbd3p8"] service NOTICE: Query parameter (html special chars encoded) 'querymode': sparql
2024-01-21 01:12:08 ["r3forrmjbd3p8"] Utils NOTICE: Query HTTP header "Content-Type" undefined.
2024-01-21 01:12:08 ["r3forrmjbd3p8"] Utils NOTICE: Query HTTP header "Accept": */*
2024-01-21 01:12:08 ["r3forrmjbd3p8"] Utils WARNING: Unsupported HTTP method OPTIONS
2024-01-21 01:12:08 ["r3forrmjbd3p8"] Utils NOTICE: --------- Done - SPARQL µS execution --------
2024-01-21 01:12:08 ["pmqpjrfts4kqc"] Context NOTICE: --------- Starting SPARQL micro-service --------
2024-01-21 01:12:08 ["pmqpjrfts4kqc"] service NOTICE: Query parameter (html special chars encoded) 'service': tomtom/findPlace
2024-01-21 01:12:08 ["pmqpjrfts4kqc"] service NOTICE: Query parameter (html special chars encoded) 'querymode': sparql
2024-01-21 01:12:08 ["pmqpjrfts4kqc"] Utils NOTICE: Query HTTP header "Content-Type" undefined.
2024-01-21 01:12:08 ["pmqpjrfts4kqc"] Utils NOTICE: Query HTTP header "Accept": */*
2024-01-21 01:12:08 ["pmqpjrfts4kqc"] service NOTICE: Client SPARQL query (html special chars encoded):
ASK {?x ?y ?z}
2024-01-21 01:12:08 ["pmqpjrfts4kqc"] service WARNING: Not all service arguments were found. Expected: array (
  0 => lat,
  1 => lon,
)
but read: array (
)
2024-01-21 01:12:08 ["pmqpjrfts4kqc"] service NOTICE: Evaluating client SPARQL query against temporary graph...
2024-01-21 01:12:08 ["pmqpjrfts4kqc"] service NOTICE: Sending response with Content-Type: application/sparql-results+xml
2024-01-21 01:12:08 ["pmqpjrfts4kqc"] service NOTICE: --------- Done - SPARQL µS execution --------
2024-01-21 01:12:09 ["b3dfd0fu80nqa"] Context NOTICE: --------- Starting SPARQL micro-service --------
2024-01-21 01:12:09 ["b3dfd0fu80nqa"] service NOTICE: Query parameter (html special chars encoded) 'service': tomtom/findPlace
2024-01-21 01:12:09 ["b3dfd0fu80nqa"] service NOTICE: Query parameter (html special chars encoded) 'querymode': sparql
2024-01-21 01:12:09 ["b3dfd0fu80nqa"] Utils NOTICE: Query HTTP header "Content-Type" undefined.
2024-01-21 01:12:09 ["b3dfd0fu80nqa"] Utils NOTICE: Query HTTP header "Accept": */*
2024-01-21 01:12:09 ["b3dfd0fu80nqa"] Utils WARNING: Unsupported HTTP method OPTIONS
2024-01-21 01:12:09 ["b3dfd0fu80nqa"] Utils NOTICE: --------- Done - SPARQL µS execution --------
2024-01-21 01:12:09 ["iq7f36lp220hi"] Context NOTICE: --------- Starting SPARQL micro-service --------
2024-01-21 01:12:09 ["iq7f36lp220hi"] service NOTICE: Query parameter (html special chars encoded) 'service': tomtom/findPlace
2024-01-21 01:12:09 ["iq7f36lp220hi"] service NOTICE: Query parameter (html special chars encoded) 'querymode': sparql
2024-01-21 01:12:09 ["iq7f36lp220hi"] Utils NOTICE: Query HTTP header "Content-Type": application/x-www-form-urlencoded
2024-01-21 01:12:09 ["iq7f36lp220hi"] Utils NOTICE: Query HTTP header "Accept": application/sparql-results+json,*/*;q=0.9
2024-01-21 01:12:09 ["iq7f36lp220hi"] service NOTICE: Client SPARQL query (html special chars encoded):
PREFIX rdf: &lt;http://www.w3.org/1999/02/22-rdf-syntax-ns#&gt;
PREFIX rdfs: &lt;http://www.w3.org/2000/01/rdf-schema#&gt;
SELECT * WHERE {
  ?sub ?pred ?obj .
}

2024-01-21 01:12:09 ["iq7f36lp220hi"] service WARNING: Not all service arguments were found. Expected: array (
  0 => lat,
  1 => lon,
)
but read: array (
)
2024-01-21 01:12:09 ["iq7f36lp220hi"] service NOTICE: Evaluating client SPARQL query against temporary graph...
2024-01-21 01:12:10 ["iq7f36lp220hi"] service NOTICE: Sending response with Content-Type: application/sparql-results+json
2024-01-21 01:12:10 ["iq7f36lp220hi"] service NOTICE: --------- Done - SPARQL µS execution --------
2024-01-21 01:12:15 ["i33du8ogtebj4"] Context NOTICE: --------- Starting SPARQL micro-service --------
2024-01-21 01:12:15 ["i33du8ogtebj4"] service NOTICE: Query parameter (html special chars encoded) 'service': tomtom/findPlace
2024-01-21 01:12:15 ["i33du8ogtebj4"] service NOTICE: Query parameter (html special chars encoded) 'querymode': sparql
2024-01-21 01:12:15 ["i33du8ogtebj4"] Utils NOTICE: Query HTTP header "Content-Type" undefined.
2024-01-21 01:12:15 ["i33du8ogtebj4"] Utils NOTICE: Query HTTP header "Accept": */*
2024-01-21 01:12:15 ["i33du8ogtebj4"] Utils WARNING: Unsupported HTTP method OPTIONS
2024-01-21 01:12:15 ["i33du8ogtebj4"] Utils NOTICE: --------- Done - SPARQL µS execution --------
2024-01-21 01:12:15 ["60bq8n4l67d4u"] Context NOTICE: --------- Starting SPARQL micro-service --------
2024-01-21 01:12:15 ["60bq8n4l67d4u"] service NOTICE: Query parameter (html special chars encoded) 'service': tomtom/findPlace
2024-01-21 01:12:15 ["60bq8n4l67d4u"] service NOTICE: Query parameter (html special chars encoded) 'querymode': sparql
2024-01-21 01:12:15 ["60bq8n4l67d4u"] Utils NOTICE: Query HTTP header "Content-Type": application/x-www-form-urlencoded
2024-01-21 01:12:15 ["60bq8n4l67d4u"] Utils NOTICE: Query HTTP header "Accept": application/sparql-results+json,*/*;q=0.9
2024-01-21 01:12:15 ["60bq8n4l67d4u"] service NOTICE: Client SPARQL query (html special chars encoded):
PREFIX rdf: &lt;http://www.w3.org/1999/02/22-rdf-syntax-ns#&gt;
PREFIX rdfs: &lt;http://www.w3.org/2000/01/rdf-schema#&gt;
SELECT * WHERE {
  ?sub ?pred ?obj .
}

2024-01-21 01:12:15 ["60bq8n4l67d4u"] service WARNING: Not all service arguments were found. Expected: array (
  0 => lat,
  1 => lon,
)
but read: array (
)
2024-01-21 01:12:15 ["60bq8n4l67d4u"] service NOTICE: Evaluating client SPARQL query against temporary graph...
2024-01-21 01:12:15 ["60bq8n4l67d4u"] service NOTICE: Sending response with Content-Type: application/sparql-results+json
2024-01-21 01:12:15 ["60bq8n4l67d4u"] service NOTICE: --------- Done - SPARQL µS execution --------
2024-01-21 01:12:21 ["eh3dkh43tof0p"] Context NOTICE: --------- Starting SPARQL micro-service --------
2024-01-21 01:12:21 ["eh3dkh43tof0p"] service NOTICE: Query parameter (html special chars encoded) 'service': tomtom/findPlace
2024-01-21 01:12:21 ["eh3dkh43tof0p"] service NOTICE: Query parameter (html special chars encoded) 'querymode': sparql
2024-01-21 01:12:21 ["eh3dkh43tof0p"] Utils NOTICE: Query HTTP header "Content-Type" undefined.
2024-01-21 01:12:21 ["eh3dkh43tof0p"] Utils NOTICE: Query HTTP header "Accept": */*
2024-01-21 01:12:21 ["eh3dkh43tof0p"] Utils WARNING: Unsupported HTTP method OPTIONS
2024-01-21 01:12:21 ["eh3dkh43tof0p"] Utils NOTICE: --------- Done - SPARQL µS execution --------
2024-01-21 01:12:21 ["g2sucuk5dg97s"] Context NOTICE: --------- Starting SPARQL micro-service --------
2024-01-21 01:12:21 ["g2sucuk5dg97s"] service NOTICE: Query parameter (html special chars encoded) 'service': tomtom/findPlace
2024-01-21 01:12:21 ["g2sucuk5dg97s"] service NOTICE: Query parameter (html special chars encoded) 'querymode': sparql
2024-01-21 01:12:21 ["g2sucuk5dg97s"] Utils NOTICE: Query HTTP header "Content-Type": application/x-www-form-urlencoded
2024-01-21 01:12:21 ["g2sucuk5dg97s"] Utils NOTICE: Query HTTP header "Accept": application/sparql-results+json,*/*;q=0.9
2024-01-21 01:12:21 ["g2sucuk5dg97s"] service NOTICE: Client SPARQL query (html special chars encoded):
PREFIX rdf: &lt;http://www.w3.org/1999/02/22-rdf-syntax-ns#&gt;
PREFIX rdfs: &lt;http://www.w3.org/2000/01/rdf-schema#&gt;
SELECT * WHERE {
  ?sub ?pred ?obj .
}

2024-01-21 01:12:21 ["g2sucuk5dg97s"] service NOTICE: Will query the Web API with arguments: Array
(
    [lat] => 43.7101728
    [lon] => 7.261953200000001
)

2024-01-21 01:12:21 ["g2sucuk5dg97s"] service NOTICE: Web API query string: https://api.tomtom.com/search/2/categorySearch/.json?key=wIthmoUf6toN66cs7cEfSiuS52fAtAbI&lat=43%2E7101728&lon=7%2E261953200000001&limit=15&categorySet=9377
2024-01-21 01:12:22 ["g2sucuk5dg97s"] service NOTICE: Executing SPARQL CONSTRUCT query from file: /services/tomtom/findPlace/construct.sparql
2024-01-21 01:12:22 ["g2sucuk5dg97s"] service NOTICE: Evaluating client SPARQL query against temporary graph...
2024-01-21 01:12:22 ["g2sucuk5dg97s"] service NOTICE: Sending response with Content-Type: application/sparql-results+json
2024-01-21 01:12:22 ["g2sucuk5dg97s"] service NOTICE: --------- Done - SPARQL µS execution --------
2024-01-21 01:13:06 ["7h3ujc3i6vm73"] Context NOTICE: --------- Starting SPARQL micro-service --------
2024-01-21 01:13:06 ["7h3ujc3i6vm73"] service NOTICE: Query parameter (html special chars encoded) 'service': tomtom/findPlace
2024-01-21 01:13:06 ["7h3ujc3i6vm73"] service NOTICE: Query parameter (html special chars encoded) 'querymode': sparql
2024-01-21 01:13:06 ["7h3ujc3i6vm73"] Utils NOTICE: Query HTTP header "Content-Type" undefined.
2024-01-21 01:13:06 ["7h3ujc3i6vm73"] Utils NOTICE: Query HTTP header "Accept": text/turtle
2024-01-21 01:13:06 ["7h3ujc3i6vm73"] Utils WARNING: SPARQL query with HTTP GET method but no 'query' argument.
2024-01-21 01:13:06 ["7h3ujc3i6vm73"] Utils NOTICE: --------- Done - SPARQL µS execution --------
2024-01-21 01:13:49 ["csig9nq8rnh32"] Context NOTICE: --------- Starting SPARQL micro-service --------
2024-01-21 01:13:49 ["csig9nq8rnh32"] service NOTICE: Query parameter (html special chars encoded) 'service': tomtom/findPlace
2024-01-21 01:13:49 ["csig9nq8rnh32"] service NOTICE: Query parameter (html special chars encoded) 'querymode': sparql
2024-01-21 01:13:49 ["csig9nq8rnh32"] Utils NOTICE: Query HTTP header "Content-Type" undefined.
2024-01-21 01:13:49 ["csig9nq8rnh32"] Utils NOTICE: Query HTTP header "Accept": */*
2024-01-21 01:13:49 ["csig9nq8rnh32"] Utils WARNING: Unsupported HTTP method OPTIONS
2024-01-21 01:13:49 ["csig9nq8rnh32"] Utils NOTICE: --------- Done - SPARQL µS execution --------
2024-01-21 01:13:49 ["5b904hotsb3g3"] Context NOTICE: --------- Starting SPARQL micro-service --------
2024-01-21 01:13:49 ["5b904hotsb3g3"] service NOTICE: Query parameter (html special chars encoded) 'service': tomtom/findPlace
2024-01-21 01:13:49 ["5b904hotsb3g3"] service NOTICE: Query parameter (html special chars encoded) 'querymode': sparql
2024-01-21 01:13:49 ["5b904hotsb3g3"] Utils NOTICE: Query HTTP header "Content-Type" undefined.
2024-01-21 01:13:49 ["5b904hotsb3g3"] Utils NOTICE: Query HTTP header "Accept": */*
2024-01-21 01:13:49 ["5b904hotsb3g3"] service NOTICE: Client SPARQL query (html special chars encoded):
ASK {?x ?y ?z}
2024-01-21 01:13:49 ["5b904hotsb3g3"] service WARNING: Not all service arguments were found. Expected: array (
  0 => lat,
  1 => lon,
)
but read: array (
)
2024-01-21 01:13:49 ["5b904hotsb3g3"] service NOTICE: Evaluating client SPARQL query against temporary graph...
2024-01-21 01:13:49 ["5b904hotsb3g3"] service NOTICE: Sending response with Content-Type: application/sparql-results+xml
2024-01-21 01:13:49 ["5b904hotsb3g3"] service NOTICE: --------- Done - SPARQL µS execution --------
2024-01-21 01:13:50 ["qdg3k8e9e124u"] Context NOTICE: --------- Starting SPARQL micro-service --------
2024-01-21 01:13:50 ["qdg3k8e9e124u"] service NOTICE: Query parameter (html special chars encoded) 'service': tomtom/findPlace
2024-01-21 01:13:50 ["qdg3k8e9e124u"] service NOTICE: Query parameter (html special chars encoded) 'querymode': sparql
2024-01-21 01:13:50 ["qdg3k8e9e124u"] Utils NOTICE: Query HTTP header "Content-Type" undefined.
2024-01-21 01:13:50 ["qdg3k8e9e124u"] Utils NOTICE: Query HTTP header "Accept": */*
2024-01-21 01:13:50 ["qdg3k8e9e124u"] Utils WARNING: Unsupported HTTP method OPTIONS
2024-01-21 01:13:50 ["qdg3k8e9e124u"] Utils NOTICE: --------- Done - SPARQL µS execution --------
2024-01-21 01:13:50 ["46or00s3hdmio"] Context NOTICE: --------- Starting SPARQL micro-service --------
2024-01-21 01:13:50 ["46or00s3hdmio"] service NOTICE: Query parameter (html special chars encoded) 'service': tomtom/findPlace
2024-01-21 01:13:50 ["46or00s3hdmio"] service NOTICE: Query parameter (html special chars encoded) 'querymode': sparql
2024-01-21 01:13:50 ["46or00s3hdmio"] Utils NOTICE: Query HTTP header "Content-Type": application/x-www-form-urlencoded
2024-01-21 01:13:50 ["46or00s3hdmio"] Utils NOTICE: Query HTTP header "Accept": application/sparql-results+json,*/*;q=0.9
2024-01-21 01:13:50 ["46or00s3hdmio"] service NOTICE: Client SPARQL query (html special chars encoded):
PREFIX rdf: &lt;http://www.w3.org/1999/02/22-rdf-syntax-ns#&gt;
PREFIX rdfs: &lt;http://www.w3.org/2000/01/rdf-schema#&gt;
SELECT * WHERE {
  ?sub ?pred ?obj .
}

2024-01-21 01:13:50 ["46or00s3hdmio"] service WARNING: Not all service arguments were found. Expected: array (
  0 => lat,
  1 => lon,
)
but read: array (
)
2024-01-21 01:13:50 ["46or00s3hdmio"] service NOTICE: Evaluating client SPARQL query against temporary graph...
2024-01-21 01:13:50 ["46or00s3hdmio"] service NOTICE: Sending response with Content-Type: application/sparql-results+json
2024-01-21 01:13:50 ["46or00s3hdmio"] service NOTICE: --------- Done - SPARQL µS execution --------
2024-01-21 01:14:29 ["tpv8jicblt8eh"] Context NOTICE: --------- Starting SPARQL micro-service --------
2024-01-21 01:14:29 ["tpv8jicblt8eh"] service NOTICE: Query parameter (html special chars encoded) 'service': tomtom/findPlace
2024-01-21 01:14:29 ["tpv8jicblt8eh"] service NOTICE: Query parameter (html special chars encoded) 'querymode': sparql
2024-01-21 01:14:29 ["tpv8jicblt8eh"] Utils NOTICE: Query HTTP header "Content-Type" undefined.
2024-01-21 01:14:29 ["tpv8jicblt8eh"] Utils NOTICE: Query HTTP header "Accept": text/turtle
2024-01-21 01:14:29 ["tpv8jicblt8eh"] service NOTICE: Client SPARQL query (html special chars encoded):
construct0WHERE0B0Fs0Fp0Fo0D0
2024-01-21 01:14:29 ["tpv8jicblt8eh"] service NOTICE: Will query the Web API with arguments: Array
(
    [lat] => 43.7101728
    [lon] => 7.261953200000001
)

2024-01-21 01:14:29 ["tpv8jicblt8eh"] service NOTICE: Web API query string: https://api.tomtom.com/search/2/categorySearch/.json?key=wIthmoUf6toN66cs7cEfSiuS52fAtAbI&lat=43%2E7101728&lon=7%2E261953200000001&limit=15&categorySet=9377
2024-01-21 01:14:29 ["tpv8jicblt8eh"] service NOTICE: Executing SPARQL CONSTRUCT query from file: /services/tomtom/findPlace/construct.sparql
2024-01-21 01:14:29 ["tpv8jicblt8eh"] service NOTICE: Evaluating client SPARQL query against temporary graph...
2024-01-21 01:14:29 ["tpv8jicblt8eh"] service ERROR: EasyRdf\Http\Exception: HTTP request for SPARQL query failed in /var/www/html/sparql-ms/src/common/SparqlClient.php:95
Stack trace:
#0 /var/www/html/sparql-ms/src/sparqlms/service.php(177): frmichel\sparqlms\common\SparqlClient->queryRaw()
#1 {main}

2024-01-21 01:14:29 ["tpv8jicblt8eh"] service NOTICE: Returning HTTP status 500.

2024-01-21 01:14:29 ["tpv8jicblt8eh"] service NOTICE: --------- Done - SPARQL µS execution --------
2024-01-21 01:15:17 ["lh8cihl4de5iu"] Context NOTICE: --------- Starting SPARQL micro-service --------
2024-01-21 01:15:17 ["lh8cihl4de5iu"] service NOTICE: Query parameter (html special chars encoded) 'service': tomtom/findPlace
2024-01-21 01:15:17 ["lh8cihl4de5iu"] service NOTICE: Query parameter (html special chars encoded) 'querymode': sparql
2024-01-21 01:15:17 ["lh8cihl4de5iu"] Utils NOTICE: Query HTTP header "Content-Type" undefined.
2024-01-21 01:15:17 ["lh8cihl4de5iu"] Utils NOTICE: Query HTTP header "Accept": text/turtle
2024-01-21 01:15:17 ["lh8cihl4de5iu"] service NOTICE: Client SPARQL query (html special chars encoded):
construct WHERE { ?s ?p ?o } 
2024-01-21 01:15:17 ["lh8cihl4de5iu"] service NOTICE: Will query the Web API with arguments: Array
(
    [lat] => 
    [lon] => 
)

2024-01-21 01:15:17 ["lh8cihl4de5iu"] service NOTICE: Web API query string: https://api.tomtom.com/search/2/categorySearch/.json?key=wIthmoUf6toN66cs7cEfSiuS52fAtAbI&lat=&lon=&limit=15&categorySet=9377
2024-01-21 01:15:17 ["lh8cihl4de5iu"] service NOTICE: Executing SPARQL CONSTRUCT query from file: /services/tomtom/findPlace/construct.sparql
2024-01-21 01:15:18 ["lh8cihl4de5iu"] service NOTICE: Evaluating client SPARQL query against temporary graph...
2024-01-21 01:15:18 ["lh8cihl4de5iu"] service NOTICE: Sending response with Content-Type: text/turtle
2024-01-21 01:15:18 ["lh8cihl4de5iu"] service NOTICE: --------- Done - SPARQL µS execution --------
2024-01-21 01:18:13 ["3v35ri05hjovm"] Context NOTICE: --------- Starting SPARQL micro-service --------
2024-01-21 01:18:13 ["3v35ri05hjovm"] service NOTICE: Query parameter (html special chars encoded) 'service': tomtom/findPlace
2024-01-21 01:18:13 ["3v35ri05hjovm"] service NOTICE: Query parameter (html special chars encoded) 'querymode': sparql
2024-01-21 01:18:13 ["3v35ri05hjovm"] Utils NOTICE: Query HTTP header "Content-Type" undefined.
2024-01-21 01:18:13 ["3v35ri05hjovm"] Utils NOTICE: Query HTTP header "Accept": text/turtle
2024-01-21 01:18:13 ["3v35ri05hjovm"] service NOTICE: Client SPARQL query (html special chars encoded):
construct WHERE { ?s ?p ?o } 
2024-01-21 01:18:13 ["3v35ri05hjovm"] service NOTICE: Will query the Web API with arguments: Array
(
    [lat] => 
    [lon] => 
)

2024-01-21 01:18:13 ["3v35ri05hjovm"] service NOTICE: Web API query string: https://api.tomtom.com/search/2/categorySearch/.json?key=wIthmoUf6toN66cs7cEfSiuS52fAtAbI&lat=&lon=&limit=15&categorySet=9377
2024-01-21 01:18:13 ["3v35ri05hjovm"] service NOTICE: Executing SPARQL CONSTRUCT query from file: /services/tomtom/findPlace/construct.sparql
2024-01-21 01:18:13 ["3v35ri05hjovm"] service NOTICE: Evaluating client SPARQL query against temporary graph...
2024-01-21 01:18:13 ["3v35ri05hjovm"] service NOTICE: Sending response with Content-Type: text/turtle
2024-01-21 01:18:13 ["3v35ri05hjovm"] service NOTICE: --------- Done - SPARQL µS execution --------
2024-01-21 01:24:28 ["7gnbvjkjer590"] Context NOTICE: --------- Starting SPARQL micro-service --------
2024-01-21 01:24:28 ["7gnbvjkjer590"] service NOTICE: Query parameter (html special chars encoded) 'service': tomtom/findPlace
2024-01-21 01:24:28 ["7gnbvjkjer590"] service NOTICE: Query parameter (html special chars encoded) 'querymode': sparql
2024-01-21 01:24:28 ["7gnbvjkjer590"] Utils NOTICE: Query HTTP header "Content-Type" undefined.
2024-01-21 01:24:28 ["7gnbvjkjer590"] Utils NOTICE: Query HTTP header "Accept": text/turtle
2024-01-21 01:24:28 ["7gnbvjkjer590"] service NOTICE: Client SPARQL query (html special chars encoded):
construct WHERE { ?s ?p ?o } 
2024-01-21 01:24:28 ["7gnbvjkjer590"] service NOTICE: Will query the Web API with arguments: Array
(
    [lat] => 43.7101728
    [lon] => 7.261953200000001
)

2024-01-21 01:24:28 ["7gnbvjkjer590"] service NOTICE: Web API query string: https://api.tomtom.com/search/2/categorySearch/.json?key=wIthmoUf6toN66cs7cEfSiuS52fAtAbI&lat=43%2E7101728&lon=7%2E261953200000001&limit=15&categorySet=9377
2024-01-21 01:24:28 ["7gnbvjkjer590"] service NOTICE: Executing SPARQL CONSTRUCT query from file: /services/tomtom/findPlace/construct.sparql
2024-01-21 01:24:29 ["7gnbvjkjer590"] service NOTICE: Evaluating client SPARQL query against temporary graph...
2024-01-21 01:24:29 ["7gnbvjkjer590"] service NOTICE: Sending response with Content-Type: text/turtle
2024-01-21 01:24:29 ["7gnbvjkjer590"] service NOTICE: --------- Done - SPARQL µS execution --------
2024-01-21 01:32:25 ["rt44k3kl6rl7b"] Context NOTICE: --------- Starting SPARQL micro-service --------
2024-01-21 01:32:25 ["rt44k3kl6rl7b"] service NOTICE: Query parameter (html special chars encoded) 'service': tomtom/findPlace
2024-01-21 01:32:25 ["rt44k3kl6rl7b"] service NOTICE: Query parameter (html special chars encoded) 'querymode': sparql
2024-01-21 01:32:25 ["rt44k3kl6rl7b"] Utils NOTICE: Query HTTP header "Content-Type" undefined.
2024-01-21 01:32:25 ["rt44k3kl6rl7b"] Utils NOTICE: Query HTTP header "Accept": text/turtle
2024-01-21 01:32:25 ["rt44k3kl6rl7b"] service NOTICE: Client SPARQL query (html special chars encoded):
construct WHERE { ?s ?p ?o } 
2024-01-21 01:32:25 ["rt44k3kl6rl7b"] service NOTICE: Will query the Web API with arguments: Array
(
    [lat] => 48.8588897
    [lon] => 2.3200410217200766
)

2024-01-21 01:32:25 ["rt44k3kl6rl7b"] service NOTICE: Web API query string: https://api.tomtom.com/search/2/categorySearch/.json?key=wIthmoUf6toN66cs7cEfSiuS52fAtAbI&lat=48%2E8588897&lon=2%2E3200410217200766&limit=15&categorySet=9377
2024-01-21 01:32:25 ["rt44k3kl6rl7b"] service NOTICE: Executing SPARQL CONSTRUCT query from file: /services/tomtom/findPlace/construct.sparql
2024-01-21 01:32:26 ["rt44k3kl6rl7b"] service NOTICE: Evaluating client SPARQL query against temporary graph...
2024-01-21 01:32:26 ["rt44k3kl6rl7b"] service NOTICE: Sending response with Content-Type: text/turtle
2024-01-21 01:32:26 ["rt44k3kl6rl7b"] service NOTICE: --------- Done - SPARQL µS execution --------
2024-01-21 01:32:47 ["9nllg3jdmpt2g"] Context NOTICE: --------- Starting SPARQL micro-service --------
2024-01-21 01:32:47 ["9nllg3jdmpt2g"] service NOTICE: Query parameter (html special chars encoded) 'service': tomtom/findPlace
2024-01-21 01:32:47 ["9nllg3jdmpt2g"] service NOTICE: Query parameter (html special chars encoded) 'querymode': sparql
2024-01-21 01:32:47 ["9nllg3jdmpt2g"] Utils NOTICE: Query HTTP header "Content-Type" undefined.
2024-01-21 01:32:47 ["9nllg3jdmpt2g"] Utils NOTICE: Query HTTP header "Accept": text/turtle
2024-01-21 01:32:47 ["9nllg3jdmpt2g"] service NOTICE: Client SPARQL query (html special chars encoded):
construct WHERE { ?s ?p ?o } 
2024-01-21 01:32:47 ["9nllg3jdmpt2g"] service NOTICE: Will query the Web API with arguments: Array
(
    [lat] => 32.885508
    [lon] => -6.909238
)

2024-01-21 01:32:47 ["9nllg3jdmpt2g"] service NOTICE: Web API query string: https://api.tomtom.com/search/2/categorySearch/.json?key=wIthmoUf6toN66cs7cEfSiuS52fAtAbI&lat=32%2E885508&lon=-6%2E909238&limit=15&categorySet=9377
2024-01-21 01:32:47 ["9nllg3jdmpt2g"] service NOTICE: Executing SPARQL CONSTRUCT query from file: /services/tomtom/findPlace/construct.sparql
2024-01-21 01:32:48 ["9nllg3jdmpt2g"] service NOTICE: Evaluating client SPARQL query against temporary graph...
2024-01-21 01:32:48 ["9nllg3jdmpt2g"] service NOTICE: Sending response with Content-Type: text/turtle
2024-01-21 01:32:48 ["9nllg3jdmpt2g"] service NOTICE: --------- Done - SPARQL µS execution --------
2024-01-21 01:33:12 ["6lbna5sju576l"] Context NOTICE: --------- Starting SPARQL micro-service --------
2024-01-21 01:33:12 ["6lbna5sju576l"] service NOTICE: Query parameter (html special chars encoded) 'service': tomtom/findPlace
2024-01-21 01:33:12 ["6lbna5sju576l"] service NOTICE: Query parameter (html special chars encoded) 'querymode': sparql
2024-01-21 01:33:12 ["6lbna5sju576l"] Utils NOTICE: Query HTTP header "Content-Type" undefined.
2024-01-21 01:33:12 ["6lbna5sju576l"] Utils NOTICE: Query HTTP header "Accept": text/turtle
2024-01-21 01:33:12 ["6lbna5sju576l"] service NOTICE: Client SPARQL query (html special chars encoded):
construct WHERE { ?s ?p ?o } 
2024-01-21 01:33:12 ["6lbna5sju576l"] service NOTICE: Will query the Web API with arguments: Array
(
    [lat] => 43.2961743
    [lon] => 5.3699525
)

2024-01-21 01:33:12 ["6lbna5sju576l"] service NOTICE: Web API query string: https://api.tomtom.com/search/2/categorySearch/.json?key=wIthmoUf6toN66cs7cEfSiuS52fAtAbI&lat=43%2E2961743&lon=5%2E3699525&limit=15&categorySet=9377
2024-01-21 01:33:12 ["6lbna5sju576l"] service NOTICE: Executing SPARQL CONSTRUCT query from file: /services/tomtom/findPlace/construct.sparql
2024-01-21 01:33:12 ["6lbna5sju576l"] service NOTICE: Evaluating client SPARQL query against temporary graph...
2024-01-21 01:33:12 ["6lbna5sju576l"] service NOTICE: Sending response with Content-Type: text/turtle
2024-01-21 01:33:12 ["6lbna5sju576l"] service NOTICE: --------- Done - SPARQL µS execution --------
2024-01-21 01:34:21 ["hcson3o95fhkc"] Context NOTICE: --------- Starting SPARQL micro-service --------
2024-01-21 01:34:21 ["hcson3o95fhkc"] service NOTICE: Query parameter (html special chars encoded) 'service': tomtom/findPlace
2024-01-21 01:34:21 ["hcson3o95fhkc"] service NOTICE: Query parameter (html special chars encoded) 'querymode': sparql
2024-01-21 01:34:21 ["hcson3o95fhkc"] Utils NOTICE: Query HTTP header "Content-Type" undefined.
2024-01-21 01:34:21 ["hcson3o95fhkc"] Utils NOTICE: Query HTTP header "Accept": text/turtle
2024-01-21 01:34:21 ["hcson3o95fhkc"] service NOTICE: Client SPARQL query (html special chars encoded):
construct WHERE { ?s ?p ?o } 
2024-01-21 01:34:21 ["hcson3o95fhkc"] service NOTICE: Will query the Web API with arguments: Array
(
    [lat] => 33.5950627
    [lon] => -7.6187768
)

2024-01-21 01:34:21 ["hcson3o95fhkc"] service NOTICE: Web API query string: https://api.tomtom.com/search/2/categorySearch/.json?key=wIthmoUf6toN66cs7cEfSiuS52fAtAbI&lat=33%2E5950627&lon=-7%2E6187768&limit=15&categorySet=9377
2024-01-21 01:34:22 ["hcson3o95fhkc"] service NOTICE: Executing SPARQL CONSTRUCT query from file: /services/tomtom/findPlace/construct.sparql
2024-01-21 01:34:22 ["hcson3o95fhkc"] service NOTICE: Evaluating client SPARQL query against temporary graph...
2024-01-21 01:34:22 ["hcson3o95fhkc"] service NOTICE: Sending response with Content-Type: text/turtle
2024-01-21 01:34:22 ["hcson3o95fhkc"] service NOTICE: --------- Done - SPARQL µS execution --------
2024-01-21 01:47:56 ["vi4kksrtmpqie"] Context NOTICE: --------- Starting SPARQL micro-service --------
2024-01-21 01:47:56 ["vi4kksrtmpqie"] service NOTICE: Query parameter (html special chars encoded) 'service': tomtom/findPlace
2024-01-21 01:47:56 ["vi4kksrtmpqie"] service NOTICE: Query parameter (html special chars encoded) 'querymode': sparql
2024-01-21 01:47:56 ["vi4kksrtmpqie"] Utils NOTICE: Query HTTP header "Content-Type" undefined.
2024-01-21 01:47:56 ["vi4kksrtmpqie"] Utils NOTICE: Query HTTP header "Accept": text/turtle
2024-01-21 01:47:56 ["vi4kksrtmpqie"] service NOTICE: Client SPARQL query (html special chars encoded):
construct WHERE { ?s ?p ?o } 
2024-01-21 01:47:56 ["vi4kksrtmpqie"] service NOTICE: Will query the Web API with arguments: Array
(
    [lat] => 48.8588897
    [lon] => 2.3200410217200766
)

2024-01-21 01:47:56 ["vi4kksrtmpqie"] service NOTICE: Web API query string: https://api.tomtom.com/search/2/categorySearch/.json?key=wIthmoUf6toN66cs7cEfSiuS52fAtAbI&lat=48%2E8588897&lon=2%2E3200410217200766&limit=15&categorySet=9377
2024-01-21 01:47:56 ["vi4kksrtmpqie"] service NOTICE: Executing SPARQL CONSTRUCT query from file: /services/tomtom/findPlace/construct.sparql
2024-01-21 01:47:57 ["vi4kksrtmpqie"] service NOTICE: Evaluating client SPARQL query against temporary graph...
2024-01-21 01:47:57 ["vi4kksrtmpqie"] service NOTICE: Sending response with Content-Type: text/turtle
2024-01-21 01:47:57 ["vi4kksrtmpqie"] service NOTICE: --------- Done - SPARQL µS execution --------
2024-01-21 01:48:15 ["14f1a4phpqn4c"] Context NOTICE: --------- Starting SPARQL micro-service --------
2024-01-21 01:48:15 ["14f1a4phpqn4c"] service NOTICE: Query parameter (html special chars encoded) 'service': tomtom/findPlace
2024-01-21 01:48:15 ["14f1a4phpqn4c"] service NOTICE: Query parameter (html special chars encoded) 'querymode': sparql
2024-01-21 01:48:15 ["14f1a4phpqn4c"] Utils NOTICE: Query HTTP header "Content-Type" undefined.
2024-01-21 01:48:15 ["14f1a4phpqn4c"] Utils NOTICE: Query HTTP header "Accept": text/turtle
2024-01-21 01:48:15 ["14f1a4phpqn4c"] service NOTICE: Client SPARQL query (html special chars encoded):
construct WHERE { ?s ?p ?o } 
2024-01-21 01:48:16 ["14f1a4phpqn4c"] service NOTICE: Will query the Web API with arguments: Array
(
    [lat] => 43.7009358
    [lon] => 7.2683912
)

2024-01-21 01:48:16 ["14f1a4phpqn4c"] service NOTICE: Web API query string: https://api.tomtom.com/search/2/categorySearch/.json?key=wIthmoUf6toN66cs7cEfSiuS52fAtAbI&lat=43%2E7009358&lon=7%2E2683912&limit=15&categorySet=9377
2024-01-21 01:48:16 ["14f1a4phpqn4c"] service NOTICE: Executing SPARQL CONSTRUCT query from file: /services/tomtom/findPlace/construct.sparql
2024-01-21 01:48:16 ["14f1a4phpqn4c"] service NOTICE: Evaluating client SPARQL query against temporary graph...
2024-01-21 01:48:16 ["14f1a4phpqn4c"] service NOTICE: Sending response with Content-Type: text/turtle
2024-01-21 01:48:16 ["14f1a4phpqn4c"] service NOTICE: --------- Done - SPARQL µS execution --------
2024-01-21 01:53:23 ["5t694d3gdu4e5"] Context NOTICE: --------- Starting SPARQL micro-service --------
2024-01-21 01:53:23 ["5t694d3gdu4e5"] service NOTICE: Query parameter (html special chars encoded) 'service': tomtom/findPlace
2024-01-21 01:53:23 ["5t694d3gdu4e5"] service NOTICE: Query parameter (html special chars encoded) 'querymode': sparql
2024-01-21 01:53:23 ["5t694d3gdu4e5"] Utils NOTICE: Query HTTP header "Content-Type" undefined.
2024-01-21 01:53:23 ["5t694d3gdu4e5"] Utils NOTICE: Query HTTP header "Accept": text/turtle
2024-01-21 01:53:23 ["5t694d3gdu4e5"] service NOTICE: Client SPARQL query (html special chars encoded):
construct WHERE { ?s ?p ?o } 
2024-01-21 01:53:23 ["5t694d3gdu4e5"] service NOTICE: Will query the Web API with arguments: Array
(
    [lat] => 48.8588897
    [lon] => 2.3200410217200766
)

2024-01-21 01:53:23 ["5t694d3gdu4e5"] service NOTICE: Web API query string: https://api.tomtom.com/search/2/categorySearch/.json?key=wIthmoUf6toN66cs7cEfSiuS52fAtAbI&lat=48%2E8588897&lon=2%2E3200410217200766&limit=15&categorySet=9377
2024-01-21 01:53:23 ["5t694d3gdu4e5"] service NOTICE: Executing SPARQL CONSTRUCT query from file: /services/tomtom/findPlace/construct.sparql
2024-01-21 01:53:23 ["5t694d3gdu4e5"] service NOTICE: Evaluating client SPARQL query against temporary graph...
2024-01-21 01:53:23 ["5t694d3gdu4e5"] service NOTICE: Sending response with Content-Type: text/turtle
2024-01-21 01:53:23 ["5t694d3gdu4e5"] service NOTICE: --------- Done - SPARQL µS execution --------
2024-01-21 01:55:03 ["1g42hbsguefl7"] Context NOTICE: --------- Starting SPARQL micro-service --------
2024-01-21 01:55:03 ["1g42hbsguefl7"] service NOTICE: Query parameter (html special chars encoded) 'service': tomtom/findPlace
2024-01-21 01:55:03 ["1g42hbsguefl7"] service NOTICE: Query parameter (html special chars encoded) 'querymode': sparql
2024-01-21 01:55:03 ["1g42hbsguefl7"] Utils NOTICE: Query HTTP header "Content-Type" undefined.
2024-01-21 01:55:03 ["1g42hbsguefl7"] Utils NOTICE: Query HTTP header "Accept": text/turtle
2024-01-21 01:55:03 ["1g42hbsguefl7"] service NOTICE: Client SPARQL query (html special chars encoded):
construct WHERE { ?s ?p ?o } 
2024-01-21 01:55:03 ["1g42hbsguefl7"] service NOTICE: Will query the Web API with arguments: Array
(
    [lat] => 33.5950627
    [lon] => -7.6187768
)

2024-01-21 01:55:03 ["1g42hbsguefl7"] service NOTICE: Web API query string: https://api.tomtom.com/search/2/categorySearch/.json?key=wIthmoUf6toN66cs7cEfSiuS52fAtAbI&lat=33%2E5950627&lon=-7%2E6187768&limit=15&categorySet=9377
2024-01-21 01:55:03 ["1g42hbsguefl7"] service NOTICE: Executing SPARQL CONSTRUCT query from file: /services/tomtom/findPlace/construct.sparql
2024-01-21 01:55:03 ["1g42hbsguefl7"] service NOTICE: Evaluating client SPARQL query against temporary graph...
2024-01-21 01:55:03 ["1g42hbsguefl7"] service NOTICE: Sending response with Content-Type: text/turtle
2024-01-21 01:55:03 ["1g42hbsguefl7"] service NOTICE: --------- Done - SPARQL µS execution --------
2024-01-21 01:55:24 ["16674ss7m1e05"] Context NOTICE: --------- Starting SPARQL micro-service --------
2024-01-21 01:55:25 ["16674ss7m1e05"] service NOTICE: Query parameter (html special chars encoded) 'service': tomtom/findPlace
2024-01-21 01:55:25 ["16674ss7m1e05"] service NOTICE: Query parameter (html special chars encoded) 'querymode': sparql
2024-01-21 01:55:25 ["16674ss7m1e05"] Utils NOTICE: Query HTTP header "Content-Type" undefined.
2024-01-21 01:55:25 ["16674ss7m1e05"] Utils NOTICE: Query HTTP header "Accept": text/turtle
2024-01-21 01:55:25 ["16674ss7m1e05"] service NOTICE: Client SPARQL query (html special chars encoded):
construct WHERE { ?s ?p ?o } 
2024-01-21 01:55:25 ["16674ss7m1e05"] service NOTICE: Will query the Web API with arguments: Array
(
    [lat] => 48.1371079
    [lon] => 11.5753822
)

2024-01-21 01:55:25 ["16674ss7m1e05"] service NOTICE: Web API query string: https://api.tomtom.com/search/2/categorySearch/.json?key=wIthmoUf6toN66cs7cEfSiuS52fAtAbI&lat=48%2E1371079&lon=11%2E5753822&limit=15&categorySet=9377
2024-01-21 01:55:25 ["16674ss7m1e05"] service NOTICE: Executing SPARQL CONSTRUCT query from file: /services/tomtom/findPlace/construct.sparql
2024-01-21 01:55:25 ["16674ss7m1e05"] service NOTICE: Evaluating client SPARQL query against temporary graph...
2024-01-21 01:55:25 ["16674ss7m1e05"] service NOTICE: Sending response with Content-Type: text/turtle
2024-01-21 01:55:25 ["16674ss7m1e05"] service NOTICE: --------- Done - SPARQL µS execution --------
2024-01-21 02:12:31 ["ojlrov4nu08ak"] Context NOTICE: --------- Starting SPARQL micro-service --------
2024-01-21 02:12:31 ["ojlrov4nu08ak"] service NOTICE: Query parameter (html special chars encoded) 'service': tomtom/findPlace
2024-01-21 02:12:31 ["ojlrov4nu08ak"] service NOTICE: Query parameter (html special chars encoded) 'querymode': sparql
2024-01-21 02:12:31 ["ojlrov4nu08ak"] Utils NOTICE: Query HTTP header "Content-Type" undefined.
2024-01-21 02:12:31 ["ojlrov4nu08ak"] Utils NOTICE: Query HTTP header "Accept": text/turtle
2024-01-21 02:12:31 ["ojlrov4nu08ak"] service NOTICE: Client SPARQL query (html special chars encoded):
construct WHERE { ?s ?p ?o } 
2024-01-21 02:12:31 ["ojlrov4nu08ak"] service NOTICE: Will query the Web API with arguments: Array
(
    [lat] => 45.4641943
    [lon] => 9.1896346
)

2024-01-21 02:12:31 ["ojlrov4nu08ak"] service NOTICE: Web API query string: https://api.tomtom.com/search/2/categorySearch/.json?key=wIthmoUf6toN66cs7cEfSiuS52fAtAbI&lat=45%2E4641943&lon=9%2E1896346&limit=15&categorySet=9377
2024-01-21 02:12:31 ["ojlrov4nu08ak"] service NOTICE: Executing SPARQL CONSTRUCT query from file: /services/tomtom/findPlace/construct.sparql
2024-01-21 02:12:31 ["ojlrov4nu08ak"] service NOTICE: Evaluating client SPARQL query against temporary graph...
2024-01-21 02:12:31 ["ojlrov4nu08ak"] service NOTICE: Sending response with Content-Type: text/turtle
2024-01-21 02:12:31 ["ojlrov4nu08ak"] service NOTICE: --------- Done - SPARQL µS execution --------
2024-01-21 02:16:17 ["1qt0vhskvo6ti"] Context NOTICE: --------- Starting SPARQL micro-service --------
2024-01-21 02:16:17 ["1qt0vhskvo6ti"] service NOTICE: Query parameter (html special chars encoded) 'service': tomtom/findPlace
2024-01-21 02:16:17 ["1qt0vhskvo6ti"] service NOTICE: Query parameter (html special chars encoded) 'querymode': sparql
2024-01-21 02:16:17 ["1qt0vhskvo6ti"] Utils NOTICE: Query HTTP header "Content-Type" undefined.
2024-01-21 02:16:17 ["1qt0vhskvo6ti"] Utils NOTICE: Query HTTP header "Accept": text/turtle
2024-01-21 02:16:17 ["1qt0vhskvo6ti"] service NOTICE: Client SPARQL query (html special chars encoded):
construct WHERE { ?s ?p ?o } 
2024-01-21 02:16:17 ["1qt0vhskvo6ti"] service NOTICE: Will query the Web API with arguments: Array
(
    [lat] => 48.1113387
    [lon] => -1.6800198
)

2024-01-21 02:16:17 ["1qt0vhskvo6ti"] service NOTICE: Web API query string: https://api.tomtom.com/search/2/categorySearch/.json?key=wIthmoUf6toN66cs7cEfSiuS52fAtAbI&lat=48%2E1113387&lon=-1%2E6800198&limit=15&categorySet=9377
2024-01-21 02:16:18 ["1qt0vhskvo6ti"] service NOTICE: Executing SPARQL CONSTRUCT query from file: /services/tomtom/findPlace/construct.sparql
2024-01-21 02:16:18 ["1qt0vhskvo6ti"] service NOTICE: Evaluating client SPARQL query against temporary graph...
2024-01-21 02:16:18 ["1qt0vhskvo6ti"] service NOTICE: Sending response with Content-Type: text/turtle
2024-01-21 02:16:18 ["1qt0vhskvo6ti"] service NOTICE: --------- Done - SPARQL µS execution --------
2024-01-21 02:21:26 ["5c0r5q0nkblkb"] Context NOTICE: --------- Starting SPARQL micro-service --------
2024-01-21 02:21:26 ["5c0r5q0nkblkb"] service NOTICE: Query parameter (html special chars encoded) 'service': tomtom/findPlace
2024-01-21 02:21:26 ["5c0r5q0nkblkb"] service NOTICE: Query parameter (html special chars encoded) 'querymode': sparql
2024-01-21 02:21:26 ["5c0r5q0nkblkb"] Utils NOTICE: Query HTTP header "Content-Type" undefined.
2024-01-21 02:21:26 ["5c0r5q0nkblkb"] Utils NOTICE: Query HTTP header "Accept": text/turtle
2024-01-21 02:21:26 ["5c0r5q0nkblkb"] service NOTICE: Client SPARQL query (html special chars encoded):
construct WHERE { ?s ?p ?o } 
2024-01-21 02:21:26 ["5c0r5q0nkblkb"] service NOTICE: Will query the Web API with arguments: Array
(
    [lat] => 48.8588897
    [lon] => 2.3200410217200766
)

2024-01-21 02:21:26 ["5c0r5q0nkblkb"] service NOTICE: Web API query string: https://api.tomtom.com/search/2/categorySearch/.json?key=wIthmoUf6toN66cs7cEfSiuS52fAtAbI&lat=48%2E8588897&lon=2%2E3200410217200766&limit=15&categorySet=9377
2024-01-21 02:21:26 ["5c0r5q0nkblkb"] service NOTICE: Executing SPARQL CONSTRUCT query from file: /services/tomtom/findPlace/construct.sparql
2024-01-21 02:21:26 ["5c0r5q0nkblkb"] service NOTICE: Evaluating client SPARQL query against temporary graph...
2024-01-21 02:21:26 ["5c0r5q0nkblkb"] service NOTICE: Sending response with Content-Type: text/turtle
2024-01-21 02:21:26 ["5c0r5q0nkblkb"] service NOTICE: --------- Done - SPARQL µS execution --------
2024-01-21 02:24:36 ["t7mso4rd1a7e7"] Context NOTICE: --------- Starting SPARQL micro-service --------
2024-01-21 02:24:36 ["t7mso4rd1a7e7"] service NOTICE: Query parameter (html special chars encoded) 'service': tomtom/findPlace
2024-01-21 02:24:36 ["t7mso4rd1a7e7"] service NOTICE: Query parameter (html special chars encoded) 'querymode': sparql
2024-01-21 02:24:36 ["t7mso4rd1a7e7"] Utils NOTICE: Query HTTP header "Content-Type" undefined.
2024-01-21 02:24:36 ["t7mso4rd1a7e7"] Utils NOTICE: Query HTTP header "Accept": text/turtle
2024-01-21 02:24:36 ["t7mso4rd1a7e7"] service NOTICE: Client SPARQL query (html special chars encoded):
construct WHERE { ?s ?p ?o } 
2024-01-21 02:24:36 ["t7mso4rd1a7e7"] service NOTICE: Will query the Web API with arguments: Array
(
    [lat] => 44.841225
    [lon] => -0.5800364
)

2024-01-21 02:24:36 ["t7mso4rd1a7e7"] service NOTICE: Web API query string: https://api.tomtom.com/search/2/categorySearch/.json?key=wIthmoUf6toN66cs7cEfSiuS52fAtAbI&lat=44%2E841225&lon=-0%2E5800364&limit=15&categorySet=9377
2024-01-21 02:24:36 ["t7mso4rd1a7e7"] service NOTICE: Executing SPARQL CONSTRUCT query from file: /services/tomtom/findPlace/construct.sparql
2024-01-21 02:24:36 ["t7mso4rd1a7e7"] service NOTICE: Evaluating client SPARQL query against temporary graph...
2024-01-21 02:24:36 ["t7mso4rd1a7e7"] service NOTICE: Sending response with Content-Type: text/turtle
2024-01-21 02:24:36 ["t7mso4rd1a7e7"] service NOTICE: --------- Done - SPARQL µS execution --------
2024-01-21 02:28:07 ["7albacpvflicb"] Context NOTICE: --------- Starting SPARQL micro-service --------
2024-01-21 02:28:07 ["7albacpvflicb"] service NOTICE: Query parameter (html special chars encoded) 'service': tomtom/findPlace
2024-01-21 02:28:07 ["7albacpvflicb"] service NOTICE: Query parameter (html special chars encoded) 'querymode': sparql
2024-01-21 02:28:07 ["7albacpvflicb"] Utils NOTICE: Query HTTP header "Content-Type" undefined.
2024-01-21 02:28:07 ["7albacpvflicb"] Utils NOTICE: Query HTTP header "Accept": text/turtle
2024-01-21 02:28:07 ["7albacpvflicb"] service NOTICE: Client SPARQL query (html special chars encoded):
construct WHERE { ?s ?p ?o } 
2024-01-21 02:28:07 ["7albacpvflicb"] service NOTICE: Will query the Web API with arguments: Array
(
    [lat] => 35.777103
    [lon] => -5.803792
)

2024-01-21 02:28:07 ["7albacpvflicb"] service NOTICE: Web API query string: https://api.tomtom.com/search/2/categorySearch/.json?key=wIthmoUf6toN66cs7cEfSiuS52fAtAbI&lat=35%2E777103&lon=-5%2E803792&limit=15&categorySet=9377
2024-01-21 02:28:07 ["7albacpvflicb"] service NOTICE: Executing SPARQL CONSTRUCT query from file: /services/tomtom/findPlace/construct.sparql
2024-01-21 02:28:07 ["7albacpvflicb"] service NOTICE: Evaluating client SPARQL query against temporary graph...
2024-01-21 02:28:07 ["7albacpvflicb"] service NOTICE: Sending response with Content-Type: text/turtle
2024-01-21 02:28:07 ["7albacpvflicb"] service NOTICE: --------- Done - SPARQL µS execution --------
2024-01-21 02:28:43 ["96in3d386h71n"] Context NOTICE: --------- Starting SPARQL micro-service --------
2024-01-21 02:28:43 ["96in3d386h71n"] service NOTICE: Query parameter (html special chars encoded) 'service': tomtom/findPlace
2024-01-21 02:28:43 ["96in3d386h71n"] service NOTICE: Query parameter (html special chars encoded) 'querymode': sparql
2024-01-21 02:28:43 ["96in3d386h71n"] Utils NOTICE: Query HTTP header "Content-Type" undefined.
2024-01-21 02:28:43 ["96in3d386h71n"] Utils NOTICE: Query HTTP header "Accept": text/turtle
2024-01-21 02:28:43 ["96in3d386h71n"] service NOTICE: Client SPARQL query (html special chars encoded):
construct WHERE { ?s ?p ?o } 
2024-01-21 02:28:43 ["96in3d386h71n"] service NOTICE: Will query the Web API with arguments: Array
(
    [lat] => 31.6258257
    [lon] => -7.9891608
)

2024-01-21 02:28:43 ["96in3d386h71n"] service NOTICE: Web API query string: https://api.tomtom.com/search/2/categorySearch/.json?key=wIthmoUf6toN66cs7cEfSiuS52fAtAbI&lat=31%2E6258257&lon=-7%2E9891608&limit=15&categorySet=9377
2024-01-21 02:28:43 ["96in3d386h71n"] service NOTICE: Executing SPARQL CONSTRUCT query from file: /services/tomtom/findPlace/construct.sparql
2024-01-21 02:28:43 ["96in3d386h71n"] service NOTICE: Evaluating client SPARQL query against temporary graph...
2024-01-21 02:28:43 ["96in3d386h71n"] service NOTICE: Sending response with Content-Type: text/turtle
2024-01-21 02:28:43 ["96in3d386h71n"] service NOTICE: --------- Done - SPARQL µS execution --------
2024-01-21 02:50:24 ["icscthfvco3q9"] Context NOTICE: --------- Starting SPARQL micro-service --------
2024-01-21 02:50:24 ["icscthfvco3q9"] service NOTICE: Query parameter (html special chars encoded) 'service': tomtom/findPlace
2024-01-21 02:50:24 ["icscthfvco3q9"] service NOTICE: Query parameter (html special chars encoded) 'querymode': sparql
2024-01-21 02:50:24 ["icscthfvco3q9"] Utils NOTICE: Query HTTP header "Content-Type" undefined.
2024-01-21 02:50:24 ["icscthfvco3q9"] Utils NOTICE: Query HTTP header "Accept": text/turtle
2024-01-21 02:50:24 ["icscthfvco3q9"] service NOTICE: Client SPARQL query (html special chars encoded):
construct WHERE { ?s ?p ?o } 
2024-01-21 02:50:24 ["icscthfvco3q9"] service WARNING: Not all service arguments were found. Expected: array (
  0 => lattitude,
  1 => longitude,
)
but read: array (
)
2024-01-21 02:50:24 ["icscthfvco3q9"] service NOTICE: Evaluating client SPARQL query against temporary graph...
2024-01-21 02:50:24 ["icscthfvco3q9"] service NOTICE: Sending response with Content-Type: text/turtle
2024-01-21 02:50:24 ["icscthfvco3q9"] service NOTICE: --------- Done - SPARQL µS execution --------
2024-01-21 02:50:49 ["uur8rteb3f0ka"] Context NOTICE: --------- Starting SPARQL micro-service --------
2024-01-21 02:50:49 ["uur8rteb3f0ka"] service NOTICE: Query parameter (html special chars encoded) 'service': tomtom/findPlace
2024-01-21 02:50:49 ["uur8rteb3f0ka"] service NOTICE: Query parameter (html special chars encoded) 'querymode': sparql
2024-01-21 02:50:49 ["uur8rteb3f0ka"] Utils NOTICE: Query HTTP header "Content-Type" undefined.
2024-01-21 02:50:49 ["uur8rteb3f0ka"] Utils NOTICE: Query HTTP header "Accept": text/turtle
2024-01-21 02:50:49 ["uur8rteb3f0ka"] service NOTICE: Client SPARQL query (html special chars encoded):
construct WHERE { ?s ?p ?o } 
2024-01-21 02:50:49 ["uur8rteb3f0ka"] service WARNING: Not all service arguments were found. Expected: array (
  0 => lattitude,
  1 => longitude,
)
but read: array (
)
2024-01-21 02:50:49 ["uur8rteb3f0ka"] service NOTICE: Evaluating client SPARQL query against temporary graph...
2024-01-21 02:50:49 ["uur8rteb3f0ka"] service NOTICE: Sending response with Content-Type: text/turtle
2024-01-21 02:50:49 ["uur8rteb3f0ka"] service NOTICE: --------- Done - SPARQL µS execution --------
2024-01-21 02:54:43 ["95a4jlm6ivt92"] Context NOTICE: --------- Starting SPARQL micro-service --------
2024-01-21 02:54:43 ["95a4jlm6ivt92"] service NOTICE: Query parameter (html special chars encoded) 'service': tomtom/findPlace
2024-01-21 02:54:43 ["95a4jlm6ivt92"] service NOTICE: Query parameter (html special chars encoded) 'querymode': sparql
2024-01-21 02:54:43 ["95a4jlm6ivt92"] Utils NOTICE: Query HTTP header "Content-Type" undefined.
2024-01-21 02:54:43 ["95a4jlm6ivt92"] Utils NOTICE: Query HTTP header "Accept": text/turtle
2024-01-21 02:54:43 ["95a4jlm6ivt92"] service NOTICE: Client SPARQL query (html special chars encoded):
construct WHERE { ?s ?p ?o } 
2024-01-21 02:54:43 ["95a4jlm6ivt92"] service NOTICE: Will query the Web API with arguments: Array
(
    [lat] => 48.8588897
    [lon] => 2.3200410217200766
)

2024-01-21 02:54:43 ["95a4jlm6ivt92"] service NOTICE: Web API query string: https://api.tomtom.com/search/2/categorySearch/.json?key=wIthmoUf6toN66cs7cEfSiuS52fAtAbI&lat=48%2E8588897&lon=2%2E3200410217200766&limit=100&categorySet=9377
2024-01-21 02:54:43 ["95a4jlm6ivt92"] service NOTICE: Executing SPARQL CONSTRUCT query from file: /services/tomtom/findPlace/construct.sparql
2024-01-21 02:54:44 ["95a4jlm6ivt92"] service NOTICE: Evaluating client SPARQL query against temporary graph...
2024-01-21 02:54:44 ["95a4jlm6ivt92"] service NOTICE: Sending response with Content-Type: text/turtle
2024-01-21 02:54:44 ["95a4jlm6ivt92"] service NOTICE: --------- Done - SPARQL µS execution --------
2024-01-21 03:00:23 ["6kqvt84d3r0o0"] Context NOTICE: --------- Starting SPARQL micro-service --------
2024-01-21 03:00:23 ["6kqvt84d3r0o0"] service NOTICE: Query parameter (html special chars encoded) 'service': tomtom/findPlace
2024-01-21 03:00:24 ["6kqvt84d3r0o0"] service NOTICE: Query parameter (html special chars encoded) 'querymode': sparql
2024-01-21 03:00:24 ["6kqvt84d3r0o0"] Utils NOTICE: Query HTTP header "Content-Type" undefined.
2024-01-21 03:00:24 ["6kqvt84d3r0o0"] Utils NOTICE: Query HTTP header "Accept": text/turtle
2024-01-21 03:00:24 ["6kqvt84d3r0o0"] service NOTICE: Client SPARQL query (html special chars encoded):
construct WHERE { ?s ?p ?o } 
2024-01-21 03:00:24 ["6kqvt84d3r0o0"] service NOTICE: Will query the Web API with arguments: Array
(
    [lat] => 43.7009358
    [lon] => 7.2683912
)

2024-01-21 03:00:24 ["6kqvt84d3r0o0"] service NOTICE: Web API query string: https://api.tomtom.com/search/2/categorySearch/.json?key=wIthmoUf6toN66cs7cEfSiuS52fAtAbI&lat=43%2E7009358&lon=7%2E2683912&limit=100&categorySet=7320,7374,7315,9376,9663,7321,9373,9361,9364,7332,9932,7301,7324,7377,7369,9937,7360,7304,9902,7303,7335,7383,9352,9379,7310,7314,7372,9910,9927,7342,7318,9362,7339,7376,7302,7380,9942,9160,7347,7359,9155,9378,7389,8099,7380004,7302003,9352003,7315081,7315002,9361073,9352012,7383005,9352034,7389002,7315082,9663005,7315003,7318007,9902002,9902003,9902004,9361048,9352045,9361049,7304006,9927004,7315083,9927002,7376012,7315084,7315085,7372012,7339007,7315062,7374002,9910009,7315086,7315004,9352013,9352041,9361058,7315146,9379004,7315005,7374009,7374012,7315087,9362002,8099016,9937002,9361067,9361050,7314002,7315006,9361072,7315007,9663004,9910004,9362032,9361083,7310002,7315088,9361002,7315089,9378002,7315072,7376010,9352035,7315008,7315142,7376002,7315090,7304004,7315091,9910008,9352025,9352027,9942002,9352039,7318006,7314007,9352040,9376002,7315147,7315009,7315092,7315010,8099020,9910002,7310003,7360003,7315011,9352043,8099003,9361003,9361044,9362003,7304005,9352014,7315070,7372003,7315093,7315012,9361082,7339002,9352029,9361004,9361005,9361006,9361007,9361079,9361008,9942005,9379006,9376006,7377002,7315094,9379009,9352004,9352005,7318002,7303006,9352032,9361042,9361009,7315095,7304002,8099017,7315063,7315013,7374003,7315096,7372015,7315097,7315068,7376007,9378003,7315098,9361060,7318008,9379002,9352006,7315099,7315057,7315079,9361076,7342003,7372016,9361051,9361010,8099005,7315014,7315100,9361052,9361011,9361012,9361013,9361014,7315101,9352038,7315132,7315102,7315133,9361016,9362017,7335004,7332004,7315015,7315016,7315104,9362016,7320002,7303003,9361017,9378004,7315134,9361018,9361019,9361020,9361021,9361022,9361023,9361024,9361025,7374010,9362015,7315017,9352036,9361054,7315071,7324002,7310004,9373002,7315018,9361026,9361055,9160003,7315019,7315020,7315054,7339006,9361027,7315069,8099018,9361069,7315021,7372006,7302004,8099025,9362004,9362005,9361053,9937003,9352044,7374005,7320003,7335002,7321005,7321004,7314004,7315058,7314003,9361028,9361029,9361030,9361031,9361032,9361080,9361033,9361034,9361035,7315052,7315022,7315078,7374008,9352042,7315023,7315024,7332002,9352007,7315073,7380002,9376004,9352037,7315105,7315065,8099022,7315106,7315025,7315066,7315026,9379008,9361036,7315027,7377003,9379010,7315028,7315067,8099019,9362006,7372010,7315029,9361045,7315030,9352023,7324003,9361056,8099027,9361071,7315107,7315135,7315108,9352008,7315031,9352011,7347002,9361065,8099023,7315109,7376011,9352016,9361043,7315032,9362007,7380005,7315033,9376007,7315034,7372014,7383004,8099021,9352031,9361075,7315110,7376003,7315074,7339003,7314006,7374011,9910003,7310008,7302002,8099002,9352033,7374006,7318003,9361059,7315136,9361068,7380003,9362030,7315111,7374014,9361037,7315112,8099011,7376005,9352021,9352030,7318004,9361038,7315075,7315035,7310005,9362025,7339008,7315127,8099009,9362008,9362009,9932002,9361070,9932003,9663003,9663002,7315061,9361064,9352018,9361046,9361047,9362033,7315036,8099007,7376006,8099008,7315037,7315129,7315038,7372004,9362010,7335003,7372005,7383003,9379003,7315130,9376003,7315039,7332003,7383002,9932004,9352017,9352019,8099026,7374013,7380006,8099015,9352009,9361015,9362011,7360002,9910005,9361057,8099014,8099013,7303004,7314005,7314008,9361063,7303002,8099004,8099024,9932006,7315041,7302006,8099012,7374007,7315131,7315040,7315143,7310006,7315042,9378005,9352010,7315113,7315114,7372002,7315115,7315043,9362013,7389004,9361078,7372007,9352002,7315053,7315055,9361062,7315056,7315116,9362026,7315117,7315080,7315139,9378006,7374004,7315064,7315140,7315044,7321003,7372013,9373003,9361061,7372011,9361039,7320006,9361074,7389003,7376013,7315045,9160002,7315118,7332005,7315046,7315148,7315119,7315047,7339004,7315120,9361077,7315059,7315145,7315076,9352022,9942003,9352026,9376005,7372009,9352020,7339005,7315121,7315048,7318005,7320005,7315122,9932005,7376009,7303005,9361040,7301002,9942004,9352024,9361041,9910006,7310009,9155003,7315123,7376008,7315049,7310007,7315124,8099006,9910007,9361081,7315050,7315125,7315051,7304003,7372008,7376014,9352046,7359003,8099010,7315126,7315060,9361066,9362014,9927005,9379007,7347003,7315149,9927003,9352015,9362036,7302005,7321002,7376004,7369002,7369003,7369004,9362037,9364002,9364003,9360,9369,9911,9371,7338,9359,9374,9375,7326,9956,7327,7373,7392,9152,9154,7365,9913,9151,9153,9389,9363,7322,9150,7367,9388,9930,7317,9383,7313,7316,9158,7349,7391,7341,9156,9382,7319,9377,7312,7358,7305,7395,9157,7388,7311,7368,7397,7363,9357,9159,7309,7337,9900,7378,7328,7308,9955,7366,9935,7375,7352
2024-01-21 03:00:24 ["6kqvt84d3r0o0"] service NOTICE: Executing SPARQL CONSTRUCT query from file: /services/tomtom/findPlace/construct.sparql
2024-01-21 03:00:24 ["6kqvt84d3r0o0"] service NOTICE: Evaluating client SPARQL query against temporary graph...
2024-01-21 03:00:24 ["6kqvt84d3r0o0"] service NOTICE: Sending response with Content-Type: text/turtle
2024-01-21 03:00:24 ["6kqvt84d3r0o0"] service NOTICE: --------- Done - SPARQL µS execution --------
2024-01-21 03:19:40 ["3v08nfcqa2rh5"] Context NOTICE: --------- Starting SPARQL micro-service --------
2024-01-21 03:19:40 ["3v08nfcqa2rh5"] service NOTICE: Query parameter (html special chars encoded) 'service': tomtom/findPlace
2024-01-21 03:19:40 ["3v08nfcqa2rh5"] service NOTICE: Query parameter (html special chars encoded) 'querymode': sparql
2024-01-21 03:19:40 ["3v08nfcqa2rh5"] Utils NOTICE: Query HTTP header "Content-Type" undefined.
2024-01-21 03:19:40 ["3v08nfcqa2rh5"] Utils NOTICE: Query HTTP header "Accept": text/turtle
2024-01-21 03:19:40 ["3v08nfcqa2rh5"] service NOTICE: Client SPARQL query (html special chars encoded):
construct WHERE { ?s ?p ?o } 
2024-01-21 03:19:40 ["3v08nfcqa2rh5"] service NOTICE: Will query the Web API with arguments: Array
(
    [lat] => 43.7009358
    [lon] => 7.2683912
)

2024-01-21 03:19:40 ["3v08nfcqa2rh5"] service NOTICE: Web API query string: https://api.tomtom.com/search/2/categorySearch/.json?key=wIthmoUf6toN66cs7cEfSiuS52fAtAbI&lat=43%2E7009358&lon=7%2E2683912&limit=100&categorySet=731850,7318,7342
2024-01-21 03:19:40 ["3v08nfcqa2rh5"] service NOTICE: Executing SPARQL CONSTRUCT query from file: /services/tomtom/findPlace/construct.sparql
2024-01-21 03:19:40 ["3v08nfcqa2rh5"] service NOTICE: Evaluating client SPARQL query against temporary graph...
2024-01-21 03:19:40 ["3v08nfcqa2rh5"] service NOTICE: Sending response with Content-Type: text/turtle
2024-01-21 03:19:40 ["3v08nfcqa2rh5"] service NOTICE: --------- Done - SPARQL µS execution --------
2024-01-21 03:21:14 ["2gm0dp2a7n7ng"] Context NOTICE: --------- Starting SPARQL micro-service --------
2024-01-21 03:21:14 ["2gm0dp2a7n7ng"] service NOTICE: Query parameter (html special chars encoded) 'service': tomtom/findPlace
2024-01-21 03:21:14 ["2gm0dp2a7n7ng"] service NOTICE: Query parameter (html special chars encoded) 'querymode': sparql
2024-01-21 03:21:14 ["2gm0dp2a7n7ng"] Utils NOTICE: Query HTTP header "Content-Type" undefined.
2024-01-21 03:21:14 ["2gm0dp2a7n7ng"] Utils NOTICE: Query HTTP header "Accept": text/turtle
2024-01-21 03:21:14 ["2gm0dp2a7n7ng"] service NOTICE: Client SPARQL query (html special chars encoded):
construct WHERE { ?s ?p ?o } 
2024-01-21 03:21:14 ["2gm0dp2a7n7ng"] service NOTICE: Will query the Web API with arguments: Array
(
    [lat] => 43.7009358
    [lon] => 7.2683912
)

2024-01-21 03:21:14 ["2gm0dp2a7n7ng"] service NOTICE: Web API query string: https://api.tomtom.com/search/2/categorySearch/.json?key=wIthmoUf6toN66cs7cEfSiuS52fAtAbI&lat=43%2E7009358&lon=7%2E2683912&limit=100&categorySet=731850,7318,7342
2024-01-21 03:21:14 ["2gm0dp2a7n7ng"] service NOTICE: Executing SPARQL CONSTRUCT query from file: /services/tomtom/findPlace/construct.sparql
2024-01-21 03:21:15 ["2gm0dp2a7n7ng"] service NOTICE: Evaluating client SPARQL query against temporary graph...
2024-01-21 03:21:15 ["2gm0dp2a7n7ng"] service NOTICE: Sending response with Content-Type: text/turtle
2024-01-21 03:21:15 ["2gm0dp2a7n7ng"] service NOTICE: --------- Done - SPARQL µS execution --------
2024-01-21 03:24:31 ["29kee19hr1sjl"] Context NOTICE: --------- Starting SPARQL micro-service --------
2024-01-21 03:24:31 ["29kee19hr1sjl"] service NOTICE: Query parameter (html special chars encoded) 'service': tomtom/findPlace
2024-01-21 03:24:31 ["29kee19hr1sjl"] service NOTICE: Query parameter (html special chars encoded) 'querymode': sparql
2024-01-21 03:24:31 ["29kee19hr1sjl"] Utils NOTICE: Query HTTP header "Content-Type" undefined.
2024-01-21 03:24:31 ["29kee19hr1sjl"] Utils NOTICE: Query HTTP header "Accept": text/turtle
2024-01-21 03:24:31 ["29kee19hr1sjl"] service NOTICE: Client SPARQL query (html special chars encoded):
construct WHERE { ?s ?p ?o } 
2024-01-21 03:24:31 ["29kee19hr1sjl"] service NOTICE: Will query the Web API with arguments: Array
(
    [lat] => 45.7578137
    [lon] => 4.8320114
)

2024-01-21 03:24:31 ["29kee19hr1sjl"] service NOTICE: Web API query string: https://api.tomtom.com/search/2/categorySearch/.json?key=wIthmoUf6toN66cs7cEfSiuS52fAtAbI&lat=45%2E7578137&lon=4%2E8320114&limit=100&categorySet=731850,7318,7342
2024-01-21 03:24:31 ["29kee19hr1sjl"] service NOTICE: Executing SPARQL CONSTRUCT query from file: /services/tomtom/findPlace/construct.sparql
2024-01-21 03:24:31 ["29kee19hr1sjl"] service NOTICE: Evaluating client SPARQL query against temporary graph...
2024-01-21 03:24:31 ["29kee19hr1sjl"] service NOTICE: Sending response with Content-Type: text/turtle
2024-01-21 03:24:31 ["29kee19hr1sjl"] service NOTICE: --------- Done - SPARQL µS execution --------
